[]  Dendrochronology Program Library                                        Run SNA    Program COF  11:29  Tue 14 Feb 2017  Page   1
[]
[]  P R O G R A M      C O F E C H A                                                                          Version 6.06P    29997
------------------------------------------------------------------------------------------------------------------------------------

 QUALITY CONTROL AND DATING CHECK OF TREE-RING MEASUREMENTS

 File of DATED series:   sna_sanjuan.rwl

 CONTENTS:

    Part 1:  Title page, options selected, summary, absent rings by series
    Part 2:  Histogram of time spans
    Part 3:  Master series with sample depth and absent rings by year
    Part 4:  Bar plot of Master Dating Series
    Part 5:  Correlation by segment of each series with Master
    Part 6:  Potential problems: low correlation, divergent year-to-year changes, absent rings, outliers
    Part 7:  Descriptive statistics

 RUN CONTROL OPTIONS SELECTED                             VALUE

         1  Cubic smoothing spline 50% wavelength cutoff for filtering
                                                            32 years
         2  Segments examined are                           50 years lagged successively by  25 years
         3  Autoregressive model applied                     A  Residuals are used in master dating series and testing
         4  Series transformed to logarithms                 Y  Each series log-transformed for master dating series and testing
         5  CORRELATION is Pearson (parametric, quantitative)
            Critical correlation, 99% confidence level   .3281
         6  Master dating series saved                       N
         7  Ring measurements listed                         N
         8  Parts printed                              1234567 
         9  Absent rings are omitted from master series and segment correlations  (Y)

 Time span of Master dating series is  1921 to  2016    96 years
 Continuous time span is               1921 to  2016    96 years
 Portion with two or more series is    1924 to  2016    93 years


                                        ****************************************
                                        *C* Number of dated series        48 *C*
                                        *O* Master series 1921 2016   96 yrs *O*
                                        *F* Total rings in all series   3483 *F*
                                        *E* Total dated rings checked   3480 *E*
                                        *C* Series intercorrelation     .635 *C*
                                        *H* Average mean sensitivity    .320 *H*
                                        *A* Segments, possible problems    0 *A*
                                        *** Mean length of series       72.6 ***
                                        ****************************************

 ABSENT RINGS listed by SERIES:            (See Master Dating Series for absent rings listed by year)

               No ring measurements of zero value
PART 2:  TIME PLOT OF TREE-RING SERIES:                                                            11:29  Tue 14 Feb 2017  Page   2
------------------------------------------------------------------------------------------------------------------------------------
 1050 1100 1150 1200 1250 1300 1350 1400 1450 1500 1550 1600 1650 1700 1750 1800 1850 1900 1950 2000 2050 Ident   Seq Time-span  Yrs
   :    :    :    :    :    :    :    :    :    :    :    :    :    :    :    :    :    :    :    :    : -------- --- ---- ---- ----
   .    .    .    .    .    .    .    .    .    .    .    .    .    .    .    .    .    .   <======>   . SNA0101    1 1947 2016   70
   .    .    .    .    .    .    .    .    .    .    .    .    .    .    .    .    .    .   <======>   . SNA0102    2 1947 2016   70
   .    .    .    .    .    .    .    .    .    .    .    .    .    .    .    .    .    .   <======>   . SNA0201    3 1946 2016   71
   .    .    .    .    .    .    .    .    .    .    .    .    .    .    .    .    .    .   <======>   . SNA0202    4 1948 2016   69
   .    .    .    .    .    .    .    .    .    .    .    .    .    .    .    .    .    .   <======>   . SNA0301    5 1949 2016   68
   .    .    .    .    .    .    .    .    .    .    .    .    .    .    .    .    .    .   <======>   . SNA0302    6 1948 2016   69
   .    .    .    .    .    .    .    .    .    .    .    .    .    .    .    .    .    .   <======>   . SNA0401    7 1947 2016   70
   .    .    .    .    .    .    .    .    .    .    .    .    .    .    .    .    .    .   <======>   . SNA0402    8 1947 2016   70
   .    .    .    .    .    .    .    .    .    .    .    .    .    .    .    .    .    .    <=====>   . SNA0501    9 1953 2016   64
   .    .    .    .    .    .    .    .    .    .    .    .    .    .    .    .    .    .   <======>   . SNA0502   10 1948 2016   69
   .    .    .    .    .    .    .    .    .    .    .    .    .    .    .    .    .    .   <======>   . SNA0601   11 1948 2016   69
   .    .    .    .    .    .    .    .    .    .    .    .    .    .    .    .    .    .    <=====>   . SNA0602   12 1957 2016   60
   .    .    .    .    .    .    .    .    .    .    .    .    .    .    .    .    .    .   <======>   . SNA0603   13 1947 2012   66
   .    .    .    .    .    .    .    .    .    .    .    .    .    .    .    .    .    .    <=====>   . SNA0701   14 1954 2016   63
   .    .    .    .    .    .    .    .    .    .    .    .    .    .    .    .    .    .   <======>   . SNA0702   15 1947 2016   70
   .    .    .    .    .    .    .    .    .    .    .    .    .    .    .    .    .    .   <======>   . SNA0801   16 1949 2016   68
   .    .    .    .    .    .    .    .    .    .    .    .    .    .    .    .    .    .    <=====>   . SNA0802   17 1951 2016   66
   .    .    .    .    .    .    .    .    .    .    .    .    .    .    .    .    .    .   <======>   . SNA0901   18 1947 2016   70
   .    .    .    .    .    .    .    .    .    .    .    .    .    .    .    .    .    .   <======>   . SNA0902   19 1947 2016   70
   .    .    .    .    .    .    .    .    .    .    .    .    .    .    .    .    .    .   <=====>    . SNA0903   20 1947 2002   56
   .    .    .    .    .    .    .    .    .    .    .    .    .    .    .    .    .    .    <=====>   . SNA1001   21 1950 2016   67
   .    .    .    .    .    .    .    .    .    .    .    .    .    .    .    .    .    .    <=====>   . SNA1002   22 1953 2016   64
   .    .    .    .    .    .    .    .    .    .    .    .    .    .    .    .    .    .   <=====>    . SNA1003   23 1948 2008   61
   .    .    .    .    .    .    .    .    .    .    .    .    .    .    .    .    .    .   <======>   . SNA1101   24 1940 2016   77
   .    .    .    .    .    .    .    .    .    .    .    .    .    .    .    .    .    . <========>   . SNA1102   25 1929 2016   88
   .    .    .    .    .    .    .    .    .    .    .    .    .    .    .    .    .    .   <====>.    . SNA1103   26 1942 1994   53
   .    .    .    .    .    .    .    .    .    .    .    .    .    .    .    .    .    . <========>   . SNA1201   27 1929 2016   88
   .    .    .    .    .    .    .    .    .    .    .    .    .    .    .    .    .    . <========>   . SNA1202   28 1929 2016   88
   .    .    .    .    .    .    .    .    .    .    .    .    .    .    .    .    .    . <=====> .    . SNA1203   29 1927 1983   57
   .    .    .    .    .    .    .    .    .    .    .    .    .    .    .    .    .    .    .<====>   . SNA1301   30 1960 2016   57
   .    .    .    .    .    .    .    .    .    .    .    .    .    .    .    .    .    .   <======>   . SNA1302   31 1949 2016   68
   .    .    .    .    .    .    .    .    .    .    .    .    .    .    .    .    .    .   <======>   . SNA1303   32 1949 2011   63
   .    .    .    .    .    .    .    .    .    .    .    .    .    .    .    .    .    .  <=======>   . SNA1401   33 1930 2016   87
   .    .    .    .    .    .    .    .    .    .    .    .    .    .    .    .    .    .   <======>   . SNA1402   34 1949 2016   68
   .    .    .    .    .    .    .    .    .    .    .    .    .    .    .    .    .    .    <=====>   . SNA1501   35 1952 2016   65
   .    .    .    .    .    .    .    .    .    .    .    .    .    .    .    .    .    .   <======>   . SNA1502   36 1948 2016   69
   .    .    .    .    .    .    .    .    .    .    .    .    .    .    .    .    .    .    <=====>   . SNA1601   37 1959 2016   58
   .    .    .    .    .    .    .    .    .    .    .    .    .    .    .    .    .    . <========>   . SNA1602   38 1927 2016   90
   .    .    .    .    .    .    .    .    .    .    .    .    .    .    .    .    .    . <========>   . SNA1701   39 1926 2016   91
   .    .    .    .    .    .    .    .    .    .    .    .    .    .    .    .    .    .  <=======>   . SNA1702   40 1930 2016   87
   .    .    .    .    .    .    .    .    .    .    .    .    .    .    .    .    .    .  <=======>   . SNA1703   41 1931 2016   86
   .    .    .    .    .    .    .    .    .    .    .    .    .    .    .    .    .    .  <=======>   . SNA1801   42 1937 2016   80
   .    .    .    .    .    .    .    .    .    .    .    .    .    .    .    .    .    .  <=======>   . SNA1802   43 1936 2016   81
   .    .    .    .    .    .    .    .    .    .    .    .    .    .    .    .    .    . <========>   . SNA1901   44 1921 2016   96
   .    .    .    .    .    .    .    .    .    .    .    .    .    .    .    .    .    . <========>   . SNA1902   45 1924 2016   93
   .    .    .    .    .    .    .    .    .    .    .    .    .    .    .    .    .    .  <=======>   . SNA2001   46 1932 2016   85
   .    .    .    .    .    .    .    .    .    .    .    .    .    .    .    .    .    .  <=======>   . SNA2003   47 1932 2016   85
   .    .    .    .    .    .    .    .    .    .    .    .    .    .    .    .    .    .  <=======>   . SNA2002   48 1934 2016   83
   :    :    :    :    :    :    :    :    :    :    :    :    :    :    :    :    :    :    :    :    :
 1050 1100 1150 1200 1250 1300 1350 1400 1450 1500 1550 1600 1650 1700 1750 1800 1850 1900 1950 2000 2050
PART 3:  Master Dating Series:                                                                     11:29  Tue 14 Feb 2017  Page   3
------------------------------------------------------------------------------------------------------------------------------------
  Year  Value  No Ab    Year  Value  No Ab    Year  Value  No Ab    Year  Value  No Ab    Year  Value  No Ab    Year  Value  No Ab
  ------------------    ------------------    ------------------    ------------------    ------------------    ------------------
                        1950  -.338  40       2000   .202  46
                        1951  -.655  41       2001   .818  46
                        1952   .673  42       2002   .963  46
                        1953  -.319  44       2003  1.725  45
                        1954 -1.308  45       2004  1.258  45
                        1955  -.804  45       2005 -1.082  45
                        1956   .321  45       2006 -1.192  45
                        1957   .002  46       2007 -1.453  45
                        1958   .443  46       2008  -.767  45
                        1959   .558  47       2009  -.242  44

                        1960   .209  48       2010   .979  44
                        1961  -.244  48       2011   .765  44
                        1962   .288  48       2012  -.632  43
                        1963   .333  48       2013  1.031  42
                        1964   .358  48       2014  1.108  42
                        1965  -.376  48       2015  -.447  42
                        1966  1.144  48       2016  -.626  42
                        1967 -1.387  48
                        1968 -1.678  48
                        1969  1.042  48

                        1970  1.289  48
  1921  -.647   1       1971   .433  48
  1922  2.825   1       1972 -1.572  48
  1923   .871   1       1973   .274  48
  1924   .439   2       1974   .474  48
  1925  1.078   2       1975  -.999  48
  1926   .997   3       1976 -1.756  48
  1927  -.181   5       1977  -.839  48
  1928   .599   5       1978  1.867  48
  1929  1.108   8       1979  1.153  48

  1930   .796  10       1980   .927  48
  1931  -.032  11       1981 -1.167  48
  1932   .650  13       1982  -.930  48
  1933  -.863  13       1983  -.906  48
  1934  -.254  14       1984  -.148  47
  1935   .160  14       1985   .260  47
  1936   .192  15       1986   .580  47
  1937  -.077  16       1987  1.687  47
  1938  -.861  16       1988  1.146  47
  1939 -1.335  16       1989  -.188  47

  1940  -.482  17       1990   .247  47
  1941  -.038  17       1991  -.799  47
  1942  -.526  18       1992  -.980  47
  1943 -1.301  18       1993 -1.118  47
  1944 -1.324  18       1994 -1.455  47
  1945 -1.844  18       1995 -2.495  46
  1946  -.859  19       1996  -.435  46
  1947  1.197  28       1997  1.354  46
  1948  1.715  34       1998   .797  46
  1949  1.006  39       1999  -.378  46
------------------------------------------------------------------------------------------------------------------------------------
PART 4:  Master Bar Plot:                                                                          11:29  Tue 14 Feb 2017  Page   4
------------------------------------------------------------------------------------------------------------------------------------
   Year Rel value  Year Rel value  Year Rel value  Year Rel value  Year Rel value  Year Rel value  Year Rel value  Year Rel value
                   1950----a       2000------A
                   1951---c        2001--------C
                   1952-------C    2002--------D
                   1953----a       2003----------G
                   1954-e          2004---------E
                   1955--c         2005-d
                   1956------A     2006-e
                   1957-----@      2007f
                   1958------B     2008--c
                   1959-------B    2009----a
                   1960------A     2010--------D
                   1961----a       2011--------C
                   1962------A     2012---c
                   1963------A     2013---------D
                   1964------A     2014---------D
                   1965----b       2015---b
                   1966---------E  2016---c
                   1967f
                   1968g
                   1969---------D
                   1970---------E
   1921---c        1971------B
   1922----------K 1972f
   1923--------C   1973------A
   1924------B     1974-------B
   1925---------D  1975--d
   1926--------D   1976g
   1927----a       1977--c
   1928-------B    1978----------G
   1929---------D  1979---------E
   1930--------C   1980--------D
   1931-----@      1981-e
   1932-------C    1982--d
   1933--c         1983--d
   1934----a       1984----a
   1935-----A      1985------A
   1936------A     1986-------B
   1937-----@      1987----------G
   1938--c         1988---------E
   1939-e          1989----a
   1940---b        1990------A
   1941-----@      1991--c
   1942---b        1992--d
   1943-e          1993-d
   1944-e          1994f
   1945g           1995j
   1946--c         1996---b
   1947---------E  1997---------E
   1948----------G 1998--------C
   1949--------D   1999----b
PART 5:  CORRELATION OF SERIES BY SEGMENTS:                                                        11:29  Tue 14 Feb 2017  Page   5
------------------------------------------------------------------------------------------------------------------------------------
 Correlations of  50-year dated segments, lagged  25 years
 Flags:  A = correlation under   .3281 but highest as dated;  B = correlation higher at other than dated position

 Seq Series  Time_span   1900 1925 1950 1975
                         1949 1974 1999 2024
 --- -------- ---------  ---- ---- ---- ---- ---- ---- ---- ---- ---- ---- ---- ---- ---- ---- ---- ---- ---- ---- ---- ----
   1 SNA0101  1947 2016        .79  .76  .78
   2 SNA0102  1947 2016        .66  .65  .74
   3 SNA0201  1946 2016        .53  .55  .62
   4 SNA0202  1948 2016        .62  .60  .65
   5 SNA0301  1949 2016        .60  .60  .73
   6 SNA0302  1948 2016        .73  .71  .85
   7 SNA0401  1947 2016        .67  .69  .79
   8 SNA0402  1947 2016        .72  .75  .81
   9 SNA0501  1953 2016             .67  .78
  10 SNA0502  1948 2016        .75  .76  .78
  11 SNA0601  1948 2016        .67  .66  .74
  12 SNA0602  1957 2016             .59  .69
  13 SNA0603  1947 2012        .52  .54  .55
  14 SNA0701  1954 2016             .74  .85
  15 SNA0702  1947 2016        .74  .75  .69
  16 SNA0801  1949 2016        .65  .64  .77
  17 SNA0802  1951 2016             .72  .84
  18 SNA0901  1947 2016        .65  .62  .73
  19 SNA0902  1947 2016        .42  .37  .54
  20 SNA0903  1947 2002        .50  .50  .53
  21 SNA1001  1950 2016             .59  .69
  22 SNA1002  1953 2016             .63  .80
  23 SNA1003  1948 2008        .50  .48  .67
  24 SNA1101  1940 2016        .56  .56  .73
  25 SNA1102  1929 2016        .52  .55  .82
  26 SNA1103  1942 1994        .53  .56
  27 SNA1201  1929 2016        .54  .74  .81
  28 SNA1202  1929 2016        .74  .75  .81
  29 SNA1203  1927 1983        .74  .77
  30 SNA1301  1960 2016             .65  .72
  31 SNA1302  1949 2016        .46  .46  .63
  32 SNA1303  1949 2011        .50  .51  .77
  33 SNA1401  1930 2016        .80  .78  .80
  34 SNA1402  1949 2016        .77  .77  .81
  35 SNA1501  1952 2016             .55  .56
  36 SNA1502  1948 2016        .51  .47  .55
  37 SNA1601  1959 2016             .75  .80
  38 SNA1602  1927 2016        .70  .74  .78
  39 SNA1701  1926 2016        .61  .70  .72
  40 SNA1702  1930 2016        .61  .63  .62
  41 SNA1703  1931 2016        .68  .69  .63
  42 SNA1801  1937 2016        .67  .67  .60
  43 SNA1802  1936 2016        .71  .68  .68
  44 SNA1901  1921 2016   .59  .59  .68  .69
  45 SNA1902  1924 2016   .62  .61  .61  .46
  46 SNA2001  1932 2016        .64  .63  .63
  47 SNA2003  1932 2016        .48  .46  .44
  48 SNA2002  1934 2016        .61  .45  .42
 Av segment correlation   .61  .62  .63  .70
PART 6:  POTENTIAL PROBLEMS:                                                                       11:29  Tue 14 Feb 2017  Page   5
------------------------------------------------------------------------------------------------------------------------------------

 For each series with potential problems the following diagnostics may appear:

 [A] Correlations with master dating series of flagged  50-year segments of series filtered with  32-year spline,
     at every point from ten years earlier (-10) to ten years later (+10) than dated

 [B] Effect of those data values which most lower or raise correlation with master series
     Symbol following year indicates value in series is greater (>) or lesser (<) than master series value

 [C] Year-to-year changes very different from the mean change in other series

 [D] Absent rings (zero values)

 [E] Values which are statistical outliers from mean for the year
====================================================================================================================================

 SNA0101   1947 to  2016      70 years                                                                                    Series   1

 [B] Entire series, effect on correlation (  .775) is:
       Lower   2015> -.014   1981> -.013   1997< -.012   1983> -.010   2011> -.007   1956< -.007  Higher   1995  .013   1967  .011

====================================================================================================================================

 SNA0102   1947 to  2016      70 years                                                                                    Series   2

 [B] Entire series, effect on correlation (  .700) is:
       Lower   1967> -.045   1954< -.036   1977< -.018   1957> -.006   2011> -.006   1968< -.005  Higher   1978  .013   1995  .013

====================================================================================================================================

 SNA0201   1946 to  2016      71 years                                                                                    Series   3

 [B] Entire series, effect on correlation (  .601) is:
       Lower   1968< -.041   1967> -.033   1955> -.020   1984< -.012   2012> -.010   1981> -.010  Higher   2005  .020   1995  .017

====================================================================================================================================

 SNA0202   1948 to  2016      69 years                                                                                    Series   4

 [B] Entire series, effect on correlation (  .636) is:
       Lower   1967> -.022   1981> -.020   1968< -.015   1955> -.013   2013< -.011   1993> -.009  Higher   2005  .021   1978  .017

====================================================================================================================================

 SNA0301   1949 to  2016      68 years                                                                                    Series   5

 [B] Entire series, effect on correlation (  .653) is:
       Lower   1959< -.036   1970< -.018   1983> -.014   1950> -.013   1982> -.009   1961> -.008  Higher   1978  .023   1995  .017

====================================================================================================================================

 SNA0302   1948 to  2016      69 years                                                                                    Series   6

 [B] Entire series, effect on correlation (  .764) is:
       Lower   1953< -.045   1970< -.010   1954> -.008   1960< -.007   1957< -.007   1981> -.007  Higher   1995  .016   1978  .016

====================================================================================================================================

 SNA0401   1947 to  2016      70 years                                                                                    Series   7

 [B] Entire series, effect on correlation (  .711) is:
       Lower   1950> -.019   1958< -.016   1972> -.014   1968> -.011   1948< -.011   1960> -.010  Higher   1978  .017   1981  .013

====================================================================================================================================

 SNA0402   1947 to  2016      70 years                                                                                    Series   8

 [B] Entire series, effect on correlation (  .763) is:
       Lower   1972> -.025   1957< -.013   1948< -.012   1986< -.010   1949< -.009   1983> -.006  Higher   1967  .029   1978  .013

====================================================================================================================================

 SNA0501   1953 to  2016      64 years                                                                                    Series   9

 [B] Entire series, effect on correlation (  .711) is:
       Lower   1953> -.043   1997< -.029   1972> -.012   1958< -.010   1954> -.009   1977> -.009  Higher   1967  .058   1995  .020

====================================================================================================================================

 SNA0502   1948 to  2016      69 years                                                                                    Series  10

 [B] Entire series, effect on correlation (  .760) is:
       Lower   1997< -.018   1977> -.017   1949< -.017   1957< -.016   1980< -.014   1979> -.006  Higher   1967  .020   1981  .012

====================================================================================================================================

 SNA0601   1948 to  2016      69 years                                                                                    Series  11

 [B] Entire series, effect on correlation (  .699) is:
       Lower   1968> -.023   1957> -.018   1963< -.014   1964< -.010   2004< -.007   1958< -.005  Higher   1967  .016   1966  .011

 [E] Outliers     1   3.0 SD above or -4.5 SD below mean for year
       1968 +3.2 SD
====================================================================================================================================

 SNA0602   1957 to  2016      60 years                                                                                    Series  12

 [B] Entire series, effect on correlation (  .618) is:
       Lower   2002< -.055   1960< -.041   1963< -.018   1957> -.015   1967> -.015   1997< -.013  Higher   1981  .024   1978  .019

 [E] Outliers     1   3.0 SD above or -4.5 SD below mean for year
       1967 +3.1 SD
====================================================================================================================================

 SNA0603   1947 to  2012      66 years                                                                                    Series  13

 [B] Entire series, effect on correlation (  .531) is:
       Lower   1967> -.076   2002< -.037   1978< -.018   1949< -.012   1968> -.012   1948< -.009  Higher   2005  .031   1981  .029

 [E] Outliers     2   3.0 SD above or -4.5 SD below mean for year
       1967 +3.4 SD;    1968 +3.5 SD
====================================================================================================================================

 SNA0701   1954 to  2016      63 years                                                                                    Series  14

 [B] Entire series, effect on correlation (  .759) is:
       Lower   1954< -.059   1972> -.020   1987< -.012   1957> -.009   1955> -.006   1989< -.005  Higher   1967  .036   1981  .013

====================================================================================================================================

 SNA0702   1947 to  2016      70 years                                                                                    Series  15

 [B] Entire series, effect on correlation (  .658) is:
       Lower   2012> -.036   1955> -.023   2005> -.021   2004< -.014   1974< -.011   1949< -.008  Higher   1967  .055   1981  .019

====================================================================================================================================

 SNA0801   1949 to  2016      68 years                                                                                    Series  16

 [B] Entire series, effect on correlation (  .703) is:
       Lower   1950< -.037   1955> -.017   1996< -.013   1984< -.012   1999< -.009   1991> -.009  Higher   1978  .016   1967  .011

====================================================================================================================================

 SNA0802   1951 to  2016      66 years                                                                                    Series  17

 [B] Entire series, effect on correlation (  .740) is:
       Lower   1953< -.059   1977> -.011   1965< -.010   1961> -.009   1995> -.009   2004< -.007  Higher   1967  .041   2013  .010

====================================================================================================================================

 SNA0901   1947 to  2016      70 years                                                                                    Series  18

 [B] Entire series, effect on correlation (  .621) is:
       Lower   1954< -.058   1955> -.019   1997< -.015   1975> -.012   1968> -.011   1953> -.011  Higher   1967  .038   1995  .026

====================================================================================================================================

 SNA0902   1947 to  2016      70 years                                                                                    Series  19

 [B] Entire series, effect on correlation (  .430) is:
       Lower   1967> -.074   1966< -.024   1950< -.024   1955> -.020   1971< -.014   1997< -.013  Higher   1995  .043   1978  .020

====================================================================================================================================

 SNA0903   1947 to  2002      56 years                                                                                    Series  20

 [B] Entire series, effect on correlation (  .517) is:
       Lower   1967> -.086   1971< -.042   1955> -.033   1950< -.013   1948< -.011   1957> -.010  Higher   1981  .034   1972  .023

 [E] Outliers     1   3.0 SD above or -4.5 SD below mean for year
       1955 +3.5 SD
====================================================================================================================================

 SNA1001   1950 to  2016      67 years                                                                                    Series  21

 [B] Entire series, effect on correlation (  .629) is:
       Lower   1967> -.033   2012< -.024   1961> -.022   1953< -.012   1999> -.008   1950> -.007  Higher   2003  .015   1969  .014

====================================================================================================================================

 SNA1002   1953 to  2016      64 years                                                                                    Series  22

 [B] Entire series, effect on correlation (  .669) is:
       Lower   1966< -.030   1960> -.021   1953> -.017   1955> -.017   1954< -.016   2016< -.015  Higher   1995  .026   1967  .025

====================================================================================================================================

 SNA1003   1948 to  2008      61 years                                                                                    Series  23

 [B] Entire series, effect on correlation (  .538) is:
       Lower   1956< -.115   1967> -.020   1955> -.020   1984< -.017   1973< -.016   1960< -.012  Higher   1981  .022   1969  .022

====================================================================================================================================

 SNA1101   1940 to  2016      77 years                                                                                    Series  24

 [B] Entire series, effect on correlation (  .614) is:
       Lower   1955< -.045   1970< -.030   1954> -.023   1953> -.013   1961< -.013   1977> -.007  Higher   1978  .014   1987  .013

 [E] Outliers     1   3.0 SD above or -4.5 SD below mean for year
       1954 +3.2 SD
====================================================================================================================================

 SNA1102   1929 to  2016      88 years                                                                                    Series  25

 [B] Entire series, effect on correlation (  .607) is:
       Lower   1955< -.027   1957< -.025   1961< -.025   1954> -.018   1936< -.012   1965> -.011  Higher   1967  .015   1978  .015

====================================================================================================================================

 SNA1103   1942 to  1994      53 years                                                                                    Series  26

 [B] Entire series, effect on correlation (  .538) is:
       Lower   1970< -.075   1955< -.023   1954> -.022   1953> -.019   1942> -.014   1959< -.013  Higher   1967  .104   1978  .028

====================================================================================================================================

 SNA1201   1929 to  2016      88 years                                                                                    Series  27

 [B] Entire series, effect on correlation (  .607) is:
       Lower   1947< -.063   2010< -.022   1954> -.020   1953> -.019   1948< -.018   1980< -.008  Higher   1967  .062   1987  .016

====================================================================================================================================

 SNA1202   1929 to  2016      88 years                                                                                    Series  28

 [B] Entire series, effect on correlation (  .755) is:
       Lower   1947< -.019   1954> -.019   1985< -.013   1953> -.012   1972> -.006   1951> -.006  Higher   1967  .043   1987  .008

====================================================================================================================================

 SNA1203   1927 to  1983      57 years                                                                                    Series  29

 [B] Entire series, effect on correlation (  .742) is:
       Lower   1927< -.033   1961< -.031   1954> -.022   1947< -.018   1953> -.012   1977> -.007  Higher   1967  .079   1948  .012

====================================================================================================================================

 SNA1301   1960 to  2016      57 years                                                                                    Series  30

 [B] Entire series, effect on correlation (  .661) is:
       Lower   1965< -.036   1967> -.023   1996< -.015   1975> -.014   2011< -.013   1998> -.013  Higher   1978  .017   1981  .015

====================================================================================================================================

 SNA1302   1949 to  2016      68 years                                                                                    Series  31

 [B] Entire series, effect on correlation (  .513) is:
       Lower   1951< -.060   1981> -.026   1955> -.022   1963< -.021   1953> -.012   2011< -.008  Higher   1987  .021   1978  .015

 [E] Outliers     1   3.0 SD above or -4.5 SD below mean for year
       1951 -5.5 SD
====================================================================================================================================

 SNA1303   1949 to  2011      63 years                                                                                    Series  32

 [B] Entire series, effect on correlation (  .564) is:
       Lower   1951< -.149   1953> -.015   1972> -.011   1967> -.011   1955> -.010   1963< -.009  Higher   1978  .021   2005  .017

 [E] Outliers     1   3.0 SD above or -4.5 SD below mean for year
       1951 -6.5 SD
====================================================================================================================================

 SNA1401   1930 to  2016      87 years                                                                                    Series  33

 [B] Entire series, effect on correlation (  .780) is:
       Lower   1954> -.007   1969< -.006   1988< -.006   1995> -.006   1960> -.005   2004< -.004  Higher   2003  .009   1967  .008

 [E] Outliers     1   3.0 SD above or -4.5 SD below mean for year
       1967 -4.5 SD
====================================================================================================================================

 SNA1402   1949 to  2016      68 years                                                                                    Series  34

 [B] Entire series, effect on correlation (  .775) is:
       Lower   1955< -.034   1969< -.016   2012> -.013   1977< -.011   1950> -.010   1975> -.008  Higher   1967  .051   2003  .010

====================================================================================================================================

 SNA1501   1952 to  2016      65 years                                                                                    Series  35

 [B] Entire series, effect on correlation (  .541) is:
       Lower   1977< -.075   1953> -.028   2015> -.021   2010< -.021   1981> -.020   1992> -.010  Higher   1967  .039   1978  .022

====================================================================================================================================

 SNA1502   1948 to  2016      69 years                                                                                    Series  36

 [B] Entire series, effect on correlation (  .547) is:
       Lower   1977< -.051   1998< -.029   1982< -.022   1952< -.020   2015> -.015   1973< -.015  Higher   1967  .028   2005  .020

====================================================================================================================================

 SNA1601   1959 to  2016      58 years                                                                                    Series  37

 [B] Entire series, effect on correlation (  .745) is:
       Lower   1972> -.026   1963> -.019   1962< -.016   2009< -.010   1961> -.008   1964< -.008  Higher   1967  .064   1997  .010

====================================================================================================================================

 SNA1602   1927 to  2016      90 years                                                                                    Series  38

 [B] Entire series, effect on correlation (  .732) is:
       Lower   1950> -.016   1970< -.014   1939> -.012   1972> -.011   1968> -.010   1960< -.010  Higher   1967  .044   1969  .008

====================================================================================================================================

 SNA1701   1926 to  2016      91 years                                                                                    Series  39

 [B] Entire series, effect on correlation (  .637) is:
       Lower   1929< -.022   2011< -.017   1926> -.015   1975> -.013   1964< -.011   2001< -.011  Higher   1967  .070   1995  .014

====================================================================================================================================

 SNA1702   1930 to  2016      87 years                                                                                    Series  40

 [B] Entire series, effect on correlation (  .588) is:
       Lower   2012> -.023   1969< -.019   1971< -.016   1985< -.015   1931> -.011   2002< -.010  Higher   1967  .080   1966  .014

====================================================================================================================================

 SNA1703   1931 to  2016      86 years                                                                                    Series  41

 [B] Entire series, effect on correlation (  .600) is:
       Lower   2001< -.031   2014< -.023   1933> -.018   1985< -.017   2004< -.016   2012> -.016  Higher   1967  .062   1978  .024

====================================================================================================================================

 SNA1801   1937 to  2016      80 years                                                                                    Series  42

 [B] Entire series, effect on correlation (  .599) is:
       Lower   2001< -.030   1968< -.020   2008> -.016   1970< -.016   2014< -.015   2010< -.013  Higher   1967  .068   1978  .015

 [E] Outliers     2   3.0 SD above or -4.5 SD below mean for year
       1968 -5.4 SD;    2008 +3.1 SD
====================================================================================================================================

 SNA1802   1936 to  2016      81 years                                                                                    Series  43

 [B] Entire series, effect on correlation (  .669) is:
       Lower   2013< -.032   1975> -.021   2012> -.010   1950> -.009   1959< -.009   1958< -.009  Higher   1967  .030   1995  .023

====================================================================================================================================

 SNA1901   1921 to  2016      96 years                                                                                    Series  44

 [*] Early part of series cannot be checked from 1921 to 1923 -- not matched by another series

 [B] Entire series, effect on correlation (  .588) is:
       Lower   1930< -.037   1998< -.030   1932< -.022   1954> -.022   2005> -.014   2015> -.009  Higher   1967  .057   1981  .015

====================================================================================================================================

 SNA1902   1924 to  2016      93 years                                                                                    Series  45

 [B] Entire series, effect on correlation (  .443) is:
       Lower   2011< -.040   1979< -.030   1930< -.029   2005> -.026   1976> -.017   2006< -.016  Higher   1967  .089   1981  .026

 [E] Outliers     1   3.0 SD above or -4.5 SD below mean for year
       1976 +3.1 SD
====================================================================================================================================

 SNA2001   1932 to  2016      85 years                                                                                    Series  46

 [B] Entire series, effect on correlation (  .597) is:
       Lower   1998< -.036   1979< -.032   2015> -.025   1933> -.022   1936< -.016   2011< -.012  Higher   1967  .073   1995  .015

====================================================================================================================================

 SNA2003   1932 to  2016      85 years                                                                                    Series  47

 [B] Entire series, effect on correlation (  .453) is:
       Lower   1979< -.053   2008< -.032   2010< -.018   1949< -.015   1999> -.013   2015> -.013  Higher   1948  .021   1981  .019

 [E] Outliers     1   3.0 SD above or -4.5 SD below mean for year
       2008 -4.6 SD
====================================================================================================================================

 SNA2002   1934 to  2016      83 years                                                                                    Series  48

 [B] Entire series, effect on correlation (  .472) is:
       Lower   1998< -.097   1979< -.029   2002< -.013   2005> -.012   1952< -.011   2011< -.010  Higher   1948  .022   1997  .020

 [C] Year-to-year changes diverging by over 4.0 std deviations:
       1997 1998  -4.1 SD    1998 1999   4.2 SD

 [E] Outliers     2   3.0 SD above or -4.5 SD below mean for year
       1979 -4.7 SD;    1998 -7.2 SD
====================================================================================================================================

 [*] All segments correlate highest as dated with correlation with master series over   .3281
PART 7:  DESCRIPTIVE STATISTICS:                                                                   11:29  Tue 14 Feb 2017  Page   6
------------------------------------------------------------------------------------------------------------------------------------

                                                Corr   //-------- Unfiltered --------\\  //---- Filtered -----\\
                           No.    No.    No.    with   Mean   Max     Std   Auto   Mean   Max     Std   Auto  AR
 Seq Series   Interval   Years  Segmt  Flags   Master  msmt   msmt    dev   corr   sens  value    dev   corr  ()
 --- -------- ---------  -----  -----  -----   ------ -----  -----  -----  -----  -----  -----  -----  -----  --
   1 SNA0101  1947 2016     70      3      0    .775   2.08   9.49  2.004   .884   .299   2.67   .531   .077   2
   2 SNA0102  1947 2016     70      3      0    .700   2.02   7.18  1.612   .836   .323   2.61   .480   .068   1
   3 SNA0201  1946 2016     71      3      0    .601   1.68   6.17  1.380   .844   .290   2.50   .476   .006   2
   4 SNA0202  1948 2016     69      3      0    .636   2.16   7.79  1.791   .784   .335   2.77   .620   .003   1
   5 SNA0301  1949 2016     68      3      0    .653   2.31   9.39  2.257   .852   .310   2.81   .459  -.040   1
   6 SNA0302  1948 2016     69      3      0    .764   2.14  10.95  1.825   .868   .331   2.90   .491  -.077   2
   7 SNA0401  1947 2016     70      3      0    .711   2.37   7.41  1.535   .787   .312   2.87   .553  -.043   2
   8 SNA0402  1947 2016     70      3      0    .763   2.27   9.60  1.430   .743   .308   2.99   .670  -.024   1
   9 SNA0501  1953 2016     64      2      0    .711   1.66   5.55  1.080   .600   .386   2.97   .518  -.009   2
  10 SNA0502  1948 2016     69      3      0    .760   2.10   5.80  1.363   .569   .414   2.97   .633   .019   1
  11 SNA0601  1948 2016     69      3      0    .699   1.42   6.61  1.036   .585   .315   3.00   .490  -.063   2
  12 SNA0602  1957 2016     60      2      0    .618   2.12   9.23  1.768   .769   .323   3.04   .612  -.085   2
  13 SNA0603  1947 2012     66      3      0    .531   2.36  10.41  2.008   .730   .373   3.03   .585  -.039   1
  14 SNA0701  1954 2016     63      2      0    .759   1.96   4.59  1.074   .817   .264   2.54   .470  -.068   2
  15 SNA0702  1947 2016     70      3      0    .658   1.85   6.30  1.399   .828   .287   2.93   .618   .029   2
  16 SNA0801  1949 2016     68      3      0    .703   1.70   5.14  1.191   .788   .348   2.80   .580  -.062   2
  17 SNA0802  1951 2016     66      2      0    .740   1.98   5.29  1.328   .780   .338   2.61   .463  -.003   2
  18 SNA0901  1947 2016     70      3      0    .621   1.61   3.55   .740   .748   .263   2.49   .407  -.034   2
  19 SNA0902  1947 2016     70      3      0    .430   1.65   4.45   .927   .779   .278   2.72   .506  -.007   2
  20 SNA0903  1947 2002     56      3      0    .517   1.85   4.53  1.035   .798   .233   2.84   .636   .063   1
  21 SNA1001  1950 2016     67      2      0    .629   1.24   3.70   .888   .782   .319   2.67   .459  -.088   2
  22 SNA1002  1953 2016     64      2      0    .669   1.75   5.32  1.055   .576   .372   2.89   .569   .002   4
  23 SNA1003  1948 2008     61      3      0    .538   1.88   6.80  1.242   .667   .334   2.98   .508  -.074   2
  24 SNA1101  1940 2016     77      3      0    .614   1.45   3.59   .718   .747   .288   2.63   .504  -.090   2
  25 SNA1102  1929 2016     88      3      0    .607   1.54   5.16   .940   .690   .286   2.70   .551  -.140   2
  26 SNA1103  1942 1994     53      2      0    .538   1.63   5.50   .881   .658   .249   2.80   .616  -.148   2
  27 SNA1201  1929 2016     88      3      0    .607   1.48   4.26   .770   .603   .388   2.81   .530  -.045   2
  28 SNA1202  1929 2016     88      3      0    .755   1.54   7.17   .980   .594   .374   2.59   .377  -.034   2
  29 SNA1203  1927 1983     57      2      0    .742   2.09   3.72   .812   .401   .341   2.60   .477  -.017   1
  30 SNA1301  1960 2016     57      2      0    .661   1.47   3.30   .800   .655   .323   2.73   .618  -.056   2
  31 SNA1302  1949 2016     68      3      0    .513   1.20   2.31   .562   .529   .368   2.60   .482   .021   2
  32 SNA1303  1949 2011     63      3      0    .564   2.03   4.42   .981   .646   .290   2.50   .386  -.061   2
  33 SNA1401  1930 2016     87      3      0    .780   1.32   4.57   .838   .733   .346   2.50   .315  -.034   2
  34 SNA1402  1949 2016     68      3      0    .775   1.34   3.93   .859   .838   .294   2.66   .480  -.032   2
  35 SNA1501  1952 2016     65      2      0    .541   2.27   4.28   .792   .608   .227   2.54   .452  -.039   3
  36 SNA1502  1948 2016     69      3      0    .547   2.34   8.18  1.318   .832   .229   2.61   .498   .011   1
  37 SNA1601  1959 2016     58      2      0    .745   2.59  10.59  2.326   .861   .321   2.81   .503   .047   2
  38 SNA1602  1927 2016     90      3      0    .732   2.14   6.45  1.577   .840   .330   2.55   .353  -.045   2
  39 SNA1701  1926 2016     91      3      0    .637   1.45   8.31  1.266   .580   .363   2.69   .415  -.060   2
  40 SNA1702  1930 2016     87      3      0    .588   1.29   4.94   .906   .655   .360   2.63   .432  -.047   2
  41 SNA1703  1931 2016     86      3      0    .600   1.40   8.41  1.306   .671   .369   3.03   .537  -.038   2
  42 SNA1801  1937 2016     80      3      0    .599   1.38   9.00  1.488   .736   .332   2.76   .530   .032   2
  43 SNA1802  1936 2016     81      3      0    .669   1.29   8.60  1.447   .805   .306   2.96   .542  -.010   1
  44 SNA1901  1921 2016     96      4      0    .588    .92   5.51   .764   .710   .349   3.07   .556  -.042   2
  45 SNA1902  1924 2016     93      4      0    .443    .63   2.35   .561   .841   .298   2.81   .500  -.023   1
  46 SNA2001  1932 2016     85      3      0    .597   1.63   7.40  1.111   .724   .279   2.83   .476  -.056   2
  47 SNA2003  1932 2016     85      3      0    .453   1.10   6.73   .893   .699   .291   2.85   .509  -.106   1
  48 SNA2002  1934 2016     83      3      0    .472   1.10   8.17  1.065   .692   .321   2.75   .404  -.068   1
 --- -------- ---------  -----  -----  -----   ------ -----  -----  -----  -----  -----  -----  -----  -----  --
 Total or mean:           3483    135      0    .635   1.69  10.95  1.193   .724   .320   3.07   .503  -.033

                                              - = [  COFECHA SNA  COF  ] = -
