[]  Dendrochronology Program Library                                        Run CANA   Program COF  11:51  Thu 02 Mar 2017  Page   1
[]
[]  P R O G R A M      C O F E C H A                                                                          Version 6.06P    30013
------------------------------------------------------------------------------------------------------------------------------------

 QUALITY CONTROL AND DATING CHECK OF TREE-RING MEASUREMENTS

 File of DATED series:   canar.rwl

 CONTENTS:

    Part 1:  Title page, options selected, summary, absent rings by series
    Part 2:  Histogram of time spans
    Part 3:  Master series with sample depth and absent rings by year
    Part 4:  Bar plot of Master Dating Series
    Part 5:  Correlation by segment of each series with Master
    Part 6:  Potential problems: low correlation, divergent year-to-year changes, absent rings, outliers
    Part 7:  Descriptive statistics

 RUN CONTROL OPTIONS SELECTED                             VALUE

         1  Cubic smoothing spline 50% wavelength cutoff for filtering
                                                            32 years
         2  Segments examined are                           50 years lagged successively by  25 years
         3  Autoregressive model applied                     A  Residuals are used in master dating series and testing
         4  Series transformed to logarithms                 Y  Each series log-transformed for master dating series and testing
         5  CORRELATION is Pearson (parametric, quantitative)
            Critical correlation, 99% confidence level   .3281
         6  Master dating series saved                       N
         7  Ring measurements listed                         N
         8  Parts printed                              1234567 
         9  Absent rings are omitted from master series and segment correlations  (Y)

 Time span of Master dating series is  1819 to  2016   198 years
 Continuous time span is               1819 to  2016   198 years
 Portion with two or more series is    1819 to  2016   198 years


                                        ****************************************
                                        *C* Number of dated series        60 *C*
                                        *O* Master series 1819 2016  198 yrs *O*
                                        *F* Total rings in all series   9287 *F*
                                        *E* Total dated rings checked   9287 *E*
                                        *C* Series intercorrelation     .519 *C*
                                        *H* Average mean sensitivity    .207 *H*
                                        *A* Segments, possible problems   37 *A*
                                        *** Mean length of series      154.8 ***
                                        ****************************************

 ABSENT RINGS listed by SERIES:            (See Master Dating Series for absent rings listed by year)

               No ring measurements of zero value
PART 2:  TIME PLOT OF TREE-RING SERIES:                                                            11:51  Thu 02 Mar 2017  Page   2
------------------------------------------------------------------------------------------------------------------------------------
 1050 1100 1150 1200 1250 1300 1350 1400 1450 1500 1550 1600 1650 1700 1750 1800 1850 1900 1950 2000 2050 Ident   Seq Time-span  Yrs
   :    :    :    :    :    :    :    :    :    :    :    :    :    :    :    :    :    :    :    :    : -------- --- ---- ---- ----
   .    .    .    .    .    .    .    .    .    .    .    .    .    .    .    .    .   <===========>   . SNB0101    1 1899 2016  118
   .    .    .    .    .    .    .    .    .    .    .    .    .    .    .    .    .    <==========>   . SNB0102    2 1902 2016  115
   .    .    .    .    .    .    .    .    .    .    .    .    .    .    .    .    .    .<=========>   . SNB0201    3 1916 2016  101
   .    .    .    .    .    .    .    .    .    .    .    .    .    .    .    .    . <=============>   . SNB0202    4 1876 2016  141
   .    .    .    .    .    .    .    .    .    .    .    .    .    .    .    .    .<==============>   . SNB0301    5 1862 2016  155
   .    .    .    .    .    .    .    .    .    .    .    .    .    .    .    .    .<==============>   . SNB0302    6 1862 2016  155
   .    .    .    .    .    .    .    .    .    .    .    .    .    .    .    .    . <=============>   . SNB0401    7 1870 2016  147
   .    .    .    .    .    .    .    .    .    .    .    .    .    .    .    .    .<==============>   . SNB0402    8 1866 2016  151
   .    .    .    .    .    .    .    .    .    .    .    .    .    .    .    .    .<==============>   . SNB0501    9 1864 2016  153
   .    .    .    .    .    .    .    .    .    .    .    .    .    .    .    .    .<==============>   . SNB0502g  10 1867 2016  150
   .    .    .    .    .    .    .    .    .    .    .    .    .    .    .    .    .<==============>   . SNB0601   11 1860 2016  157
   .    .    .    .    .    .    .    .    .    .    .    .    .    .    .    .    . <=============>   . SNB0602   12 1873 2016  144
   .    .    .    .    .    .    .    .    .    .    .    .    .    .    .    .    <===============>   . SNB0701   13 1851 2016  166
   .    .    .    .    .    .    .    .    .    .    .    .    .    .    .    .    .<==============>   . SNB0702g  14 1861 2016  156
   .    .    .    .    .    .    .    .    .    .    .    .    .    .    .    .    <===============>   . SNB0801g  15 1851 2016  166
   .    .    .    .    .    .    .    .    .    .    .    .    .    .    .    .    <===============>   . SNB0802g  16 1853 2016  164
   .    .    .    .    .    .    .    .    .    .    .    .    .    .    .    .  <=================>   . SNB0901g  17 1836 2016  181
   .    .    .    .    .    .    .    .    .    .    .    .    .    .    .    .   <================>   . SNB0902   18 1844 2016  173
   .    .    .    .    .    .    .    .    .    .    .    .    .    .    .    .    .<==============>   . SNB1001   19 1868 2016  149
   .    .    .    .    .    .    .    .    .    .    .    .    .    .    .    .    . <=============>   . SNB1002   20 1870 2016  147
   .    .    .    .    .    .    .    .    .    .    .    .    .    .    .    .    .    .   <======>   . SNB1101   21 1949 2016   68
   .    .    .    .    .    .    .    .    .    .    .    .    .    .    .    .    .   <===========>   . SNB1102   22 1893 2016  124
   .    .    .    .    .    .    .    .    .    .    .    .    .    .    .    .    .<==============>   . SNB1201   23 1867 2016  150
   .    .    .    .    .    .    .    .    .    .    .    .    .    .    .    .  <=================>   . SNB1202   24 1834 2016  183
   .    .    .    .    .    .    .    .    .    .    .    .    .    .    .    .    .<==============>   . SNB1301   25 1865 2016  152
   .    .    .    .    .    .    .    .    .    .    .    .    .    .    .    .    . <=============>   . SNB1302   26 1874 2016  143
   .    .    .    .    .    .    .    .    .    .    .    .    .    .    .    .   <================>   . SNB1401   27 1843 2016  174
   .    .    .    .    .    .    .    .    .    .    .    .    .    .    .    .   <================>   . SNB1402   28 1848 2016  169
   .    .    .    .    .    .    .    .    .    .    .    .    .    .    .    .    .   <===========>   . SNB1501   29 1898 2016  119
   .    .    .    .    .    .    .    .    .    .    .    .    .    .    .    .    .    . <========>   . SNB1502   30 1927 2016   90
   .    .    .    .    .    .    .    .    .    .    .    .    .    .    .    .   <================>   . SNB1601   31 1846 2016  171
   .    .    .    .    .    .    .    .    .    .    .    .    .    .    .    .    <===============>   . SNB1602   32 1857 2016  160
   .    .    .    .    .    .    .    .    .    .    .    .    .    .    .    .    <===============>   . SNB1701   33 1856 2016  161
   .    .    .    .    .    .    .    .    .    .    .    .    .    .    .    .    <===============>   . SNB1702   34 1853 2016  164
   .    .    .    .    .    .    .    .    .    .    .    .    .    .    .    . <==================>   . SNB1801   35 1827 2016  190
   .    .    .    .    .    .    .    .    .    .    .    .    .    .    .    .   <================>   . SNB1802   36 1843 2016  174
   .    .    .    .    .    .    .    .    .    .    .    .    .    .    .    .    .  <============>   . SNB1901   37 1888 2016  129
   .    .    .    .    .    .    .    .    .    .    .    .    .    .    .    .    .    <==========>   . SNB1902   38 1901 2016  116
   .    .    .    .    .    .    .    .    .    .    .    .    .    .    .    .  <=================>   . SNB2001   39 1830 2016  187
   .    .    .    .    .    .    .    .    .    .    .    .    .    .    .    .  <=================>   . SNB2002g  40 1837 2016  180
   .    .    .    .    .    .    .    .    .    .    .    .    .    .    .    .    .<==============>   . SNB2101   41 1863 2016  154
   .    .    .    .    .    .    .    .    .    .    .    .    .    .    .    .    <===============>   . SNB2102   42 1858 2016  159
   .    .    .    .    .    .    .    .    .    .    .    .    .    .    .    .<===================>   . SNB2201g  43 1819 2016  198
   .    .    .    .    .    .    .    .    .    .    .    .    .    .    .    . <==================>   . SNB2202g  44 1822 2016  195
   .    .    .    .    .    .    .    .    .    .    .    .    .    .    .    .  <=================>   . SNB2301g  45 1832 2016  185
   .    .    .    .    .    .    .    .    .    .    .    .    .    .    .    .<===================>   . SNB2302   46 1819 2016  198
   .    .    .    .    .    .    .    .    .    .    .    .    .    .    .    . <==================>   . SNB2401   47 1829 2016  188
   .    .    .    .    .    .    .    .    .    .    .    .    .    .    .    .  <=================>   . SNB2402   48 1831 2016  186
   .    .    .    .    .    .    .    .    .    .    .    .    .    .    .    .  <=================>   . SNB2501   49 1831 2016  186
   .    .    .    .    .    .    .    .    .    .    .    .    .    .    .    .  <=================>   . SNB2502   50 1839 2016  178
   :    :    :    :    :    :    :    :    :    :    :    :    :    :    :    :    :    :    :    :    :
 1050 1100 1150 1200 1250 1300 1350 1400 1450 1500 1550 1600 1650 1700 1750 1800 1850 1900 1950 2000 2050
PART 2:  TIME PLOT OF TREE-RING SERIES:                                                            11:51  Thu 02 Mar 2017  Page   3
------------------------------------------------------------------------------------------------------------------------------------
 1050 1100 1150 1200 1250 1300 1350 1400 1450 1500 1550 1600 1650 1700 1750 1800 1850 1900 1950 2000 2050 Ident   Seq Time-span  Yrs
   :    :    :    :    :    :    :    :    :    :    :    :    :    :    :    :    :    :    :    :    : -------- --- ---- ---- ----
   .    .    .    .    .    .    .    .    .    .    .    .    .    .    .    .    . <=============>   . SNB2601   51 1872 2016  145
   .    .    .    .    .    .    .    .    .    .    .    .    .    .    .    .    .<==============>   . SNB2602   52 1867 2016  150
   .    .    .    .    .    .    .    .    .    .    .    .    .    .    .    .    .<==============>   . SNB2701   53 1865 2016  152
   .    .    .    .    .    .    .    .    .    .    .    .    .    .    .    .    .<==============>   . SNB2702g  54 1863 2016  154
   .    .    .    .    .    .    .    .    .    .    .    .    .    .    .    .    .<==============>   . SNB2801   55 1860 2016  157
   .    .    .    .    .    .    .    .    .    .    .    .    .    .    .    .    .<==============>   . SNB2802   56 1866 2016  151
   .    .    .    .    .    .    .    .    .    .    .    .    .    .    .    .    . <=============>   . SNB2901   57 1877 2016  140
   .    .    .    .    .    .    .    .    .    .    .    .    .    .    .    .    .   <===========>   . SNB2902   58 1892 2016  125
   .    .    .    .    .    .    .    .    .    .    .    .    .    .    .    .    .<==============>   . SNB3001   59 1867 2016  150
   .    .    .    .    .    .    .    .    .    .    .    .    .    .    .    .    . <=============>   . SNB3002   60 1874 2016  143
   :    :    :    :    :    :    :    :    :    :    :    :    :    :    :    :    :    :    :    :    :
 1050 1100 1150 1200 1250 1300 1350 1400 1450 1500 1550 1600 1650 1700 1750 1800 1850 1900 1950 2000 2050
PART 3:  Master Dating Series:                                                                     11:51  Thu 02 Mar 2017  Page   4
------------------------------------------------------------------------------------------------------------------------------------
  Year  Value  No Ab    Year  Value  No Ab    Year  Value  No Ab    Year  Value  No Ab    Year  Value  No Ab    Year  Value  No Ab
  ------------------    ------------------    ------------------    ------------------    ------------------    ------------------
                        1850 -1.040  18       1900  -.236  55       1950  -.989  60       2000  1.215  60
                        1851 -1.505  20       1901   .984  56       1951  -.666  60       2001  -.200  60
                        1852 -2.528  20       1902   .574  57       1952 -1.200  60       2002   .965  60
                        1853  -.815  22       1903  -.998  57       1953  -.780  60       2003   .848  60
                        1854   .524  22       1904  1.607  57       1954  1.037  60       2004  1.495  60
                        1855   .936  22       1905   .185  57       1955  1.751  60       2005   .207  60
                        1856   .804  23       1906   .628  57       1956   .314  60       2006  -.856  60
                        1857   .360  24       1907   .184  57       1957 -1.283  60       2007 -1.497  60
                        1858  1.178  25       1908  1.447  57       1958 -1.115  60       2008 -1.484  60
                        1859   .763  25       1909  -.292  57       1959   .223  60       2009   .468  60

                        1860   .603  27       1910  -.453  57       1960  1.421  60       2010  2.682  60
                        1861   .222  28       1911  -.364  57       1961  -.019  60       2011  1.361  60
                        1862  -.161  30       1912  -.529  57       1962   .275  60       2012  -.157  60
                        1863   .176  32       1913 -2.311  57       1963  -.281  60       2013   .315  60
                        1864 -1.466  33       1914  -.616  57       1964 -1.270  60       2014  -.404  60
                        1865   .177  35       1915   .003  57       1965  -.085  60       2015  -.192  60
                        1866   .614  37       1916  -.617  58       1966  -.528  60       2016  -.884  60
                        1867  -.378  41       1917  1.223  58       1967  -.821  60
                        1868   .664  42       1918   .568  58       1968  -.447  60
  1819  -.349   2       1869  1.350  42       1919  -.354  58       1969   .809  60

  1820   .892   2       1870  -.139  44       1920  1.200  58       1970   .742  60
  1821 -1.432   2       1871 -1.379  44       1921  -.083  58       1971  1.402  60
  1822  -.333   3       1872   .336  45       1922  -.053  58       1972  -.057  60
  1823  -.389   3       1873   .448  46       1923 -1.746  58       1973  1.214  60
  1824 -2.235   3       1874 -1.413  48       1924  -.826  58       1974   .295  60
  1825 -1.315   3       1875  -.023  48       1925  1.038  58       1975  -.045  60
  1826  1.764   3       1876   .452  49       1926 -1.193  58       1976  -.044  60
  1827  2.031   4       1877   .976  50       1927   .587  59       1977 -2.600  60
  1828   .069   4       1878   .485  50       1928  -.446  59       1978   .243  60
  1829  1.553   5       1879  -.893  50       1929   .650  59       1979   .438  60

  1830   .682   6       1880  -.574  50       1930   .908  59       1980   .316  60
  1831   .352   8       1881  -.483  50       1931  -.701  59       1981  -.392  60
  1832   .097   9       1882 -1.548  50       1932   .554  59       1982  1.016  60
  1833   .386   9       1883   .299  50       1933  1.677  59       1983  -.017  60
  1834  -.964  10       1884   .121  50       1934   .492  59       1984   .388  60
  1835  -.693  10       1885   .689  50       1935   .336  59       1985  -.942  60
  1836 -1.480  11       1886 -1.875  50       1936 -1.014  59       1986  -.796  60
  1837  -.183  12       1887  -.277  50       1937  -.907  59       1987   .449  60
  1838   .279  12       1888   .675  51       1938  -.549  59       1988  1.002  60
  1839   .083  13       1889   .831  51       1939  -.448  59       1989   .391  60

  1840  -.237  13       1890   .864  51       1940  -.567  59       1990  1.608  60
  1841  -.134  13       1891   .274  51       1941  1.380  59       1991  1.495  60
  1842   .167  13       1892   .605  52       1942   .020  59       1992   .740  60
  1843  1.325  15       1893  -.317  53       1943  -.663  59       1993   .024  60
  1844   .344  16       1894  -.544  53       1944  2.220  59       1994 -1.739  60
  1845   .067  16       1895  -.789  53       1945  -.503  59       1995 -4.163  60
  1846  -.344  17       1896  -.533  53       1946   .617  59       1996   .663  60
  1847  2.030  17       1897 -1.295  53       1947   .274  59       1997   .152  60
  1848  -.048  18       1898  -.493  54       1948   .897  59       1998 -1.061  60
  1849 -1.016  18       1899  1.811  55       1949  -.799  60       1999 -1.676  60
------------------------------------------------------------------------------------------------------------------------------------
PART 4:  Master Bar Plot:                                                                          11:51  Thu 02 Mar 2017  Page   5
------------------------------------------------------------------------------------------------------------------------------------
   Year Rel value  Year Rel value  Year Rel value  Year Rel value  Year Rel value  Year Rel value  Year Rel value  Year Rel value
                   1850-d          1900----a       1950-d          2000---------E
                   1851f           1901---------D  1951--c         2001----a
                   1852j           1902-------B    1952-e          2002---------D
                   1853--c         1903-d          1953--c         2003--------C
                   1854-------B    1904----------F 1954---------D  2004----------F
                   1855---------D  1905------A     1955----------G 2005------A
                   1856--------C   1906--------C   1956------A     2006-c
                   1857------A     1907------A     1957e           2007f
                   1858---------E  1908----------F 1958-d          2008f
                   1859--------C   1909----a       1959------A     2009-------B
                   1860--------B   1910---b        1960----------F 2010----------K
                   1861------A     1911---a        1961-----@      2011----------E
                   1862----a       1912---b        1962------A     2012----a
                   1863------A     1913i           1963----a       2013------A
                   1864f           1914--b         1964-e          2014---b
                   1865------A     1915-----@      1965----@       2015----a
                   1866--------B   1916--b         1966---b        2016-d
                   1867---b        1917---------E  1967--c
                   1868--------C   1918-------B    1968---b
   1819---a        1869----------E 1919---a        1969--------C
   1820---------D  1870----a       1920---------E  1970--------C
   1821f           1871f           1921----@       1971----------F
   1822---a        1872------A     1922-----@      1972-----@
   1823---b        1873-------B    1923g           1973---------E
   1824i           1874f           1924--c         1974------A
   1825e           1875-----@      1925---------D  1975-----@
   1826----------G 1876-------B    1926-e          1976-----@
   1827----------H 1877---------D  1927--------B   1977j
   1828-----@      1878-------B    1928---b        1978------A
   1829----------F 1879-d          1929--------C   1979-------B
   1830--------C   1880--b         1930---------D  1980------A
   1831------A     1881---b        1931--c         1981---b
   1832-----@      1882f           1932-------B    1982---------D
   1833-------B    1883------A     1933----------G 1983-----@
   1834-d          1884-----@      1934-------B    1984-------B
   1835--c         1885--------C   1935------A     1985-d
   1836f           1886h           1936-d          1986--c
   1837----a       1887----a       1937-d          1987-------B
   1838------A     1888--------C   1938---b        1988---------D
   1839-----@      1889--------C   1939---b        1989-------B
   1840----a       1890---------C  1940---b        1990----------F
   1841----a       1891------A     1941----------F 1991----------F
   1842-----A      1892--------B   1942-----@      1992--------C
   1843----------E 1893---a        1943--c         1993-----@
   1844------A     1894---b        1944----------I 1994g
   1845-----@      1895--c         1945---b        1995q
   1846---a        1896---b        1946--------B   1996--------C
   1847----------H 1897e           1947------A     1997-----A
   1848-----@      1898---b        1948---------D  1998-d
   1849-d          1899----------G 1949--c         1999g
PART 5:  CORRELATION OF SERIES BY SEGMENTS:                                                        11:51  Thu 02 Mar 2017  Page   5
------------------------------------------------------------------------------------------------------------------------------------
 Correlations of  50-year dated segments, lagged  25 years
 Flags:  A = correlation under   .3281 but highest as dated;  B = correlation higher at other than dated position

 Seq Series  Time_span   1800 1825 1850 1875 1900 1925 1950 1975
                         1849 1874 1899 1924 1949 1974 1999 2024
 --- -------- ---------  ---- ---- ---- ---- ---- ---- ---- ---- ---- ---- ---- ---- ---- ---- ---- ---- ---- ---- ---- ----
   1 SNB0101  1899 2016                  .66  .67  .69  .66  .65
   2 SNB0102  1902 2016                       .56  .58  .67  .71
   3 SNB0201  1916 2016                       .40  .32A .49  .62
   4 SNB0202  1876 2016                  .61  .53  .49  .71  .67
   5 SNB0301  1862 2016             .65  .53  .47  .62  .62  .65
   6 SNB0302  1862 2016             .54  .45  .51  .63  .56  .64
   7 SNB0401  1870 2016             .34  .39  .58  .51  .69  .73
   8 SNB0402  1866 2016             .51  .55  .60  .53  .69  .71
   9 SNB0501  1864 2016             .16B .37  .52  .52  .46  .50
  10 SNB0502g 1867 2016             .24B .31A .51  .61  .47  .44
  11 SNB0601  1860 2016             .48  .67  .61  .31A .45  .60
  12 SNB0602  1873 2016             .54  .50  .58  .50  .71  .77
  13 SNB0701  1851 2016             .58  .42  .37  .33B .23B .21B
  14 SNB0702g 1861 2016             .44  .44  .56  .53  .71  .70
  15 SNB0801g 1851 2016             .48  .46  .44  .28A .23B .39
  16 SNB0802g 1853 2016             .31A .39  .37  .23A .59  .68
  17 SNB0901g 1836 2016        .29A .32A .41  .55  .56  .44  .29B
  18 SNB0902  1844 2016        .48  .49  .79  .63  .35  .51  .54
  19 SNB1001  1868 2016             .37B .40  .48  .46  .49  .44
  20 SNB1002  1870 2016             .21B .26B .56  .51  .70  .67
  21 SNB1101  1949 2016                            .62  .63  .70
  22 SNB1102  1893 2016                  .67  .60  .54  .62  .59
  23 SNB1201  1867 2016             .42  .37  .31A .33A .43  .51
  24 SNB1202  1834 2016        .58  .63  .33  .33A .45  .62  .67
  25 SNB1301  1865 2016             .63  .61  .40  .44  .64  .71
  26 SNB1302  1874 2016             .55  .54  .54  .59  .63  .76
  27 SNB1401  1843 2016        .43  .46  .35  .36  .38  .65  .75
  28 SNB1402  1848 2016        .56  .56  .58  .52  .46  .42  .37
  29 SNB1501  1898 2016                  .35  .31A .28B .57  .57
  30 SNB1502  1927 2016                            .45  .60  .62
  31 SNB1601  1846 2016        .50  .54  .62  .65  .70  .75  .77
  32 SNB1602  1857 2016             .25B .34  .37  .52  .56  .53
  33 SNB1701  1856 2016             .43  .37  .47  .59  .49  .40
  34 SNB1702  1853 2016             .28B .37  .51  .29A .38  .50
  35 SNB1801  1827 2016        .46  .41  .37B .43  .47  .70  .70
  36 SNB1802  1843 2016        .51  .43  .47  .67  .57  .68  .81
  37 SNB1901  1888 2016                  .51  .49  .41  .36  .41
  38 SNB1902  1901 2016                       .59  .55  .44  .45
  39 SNB2001  1830 2016        .34  .57  .50  .52  .51  .58  .64
  40 SNB2002g 1837 2016        .56  .48  .33  .47  .48  .48  .56
  41 SNB2101  1863 2016             .49  .37  .38  .37  .58  .62
  42 SNB2102  1858 2016             .32A .49  .66  .66  .66  .65
  43 SNB2201g 1819 2016   .45  .52  .56  .50  .54  .53  .52  .53
  44 SNB2202g 1822 2016   .26A .44  .50  .25B .35  .58  .61  .63
  45 SNB2301g 1832 2016        .42  .54  .72  .56  .35  .59  .68
  46 SNB2302  1819 2016   .48  .58  .63  .71  .67  .63  .73  .69
  47 SNB2401  1829 2016        .49  .56  .56  .58  .65  .77  .79
  48 SNB2402  1831 2016        .46  .57  .52  .52  .53  .71  .68
  49 SNB2501  1831 2016        .51  .67  .61  .56  .46  .57  .68
  50 SNB2502  1839 2016        .52  .58  .53  .15B .04B .48  .67
  51 SNB2601  1872 2016             .28B .29A .45  .51  .53  .60
  52 SNB2602  1867 2016             .37  .40  .46  .50  .64  .79
  53 SNB2701  1865 2016             .42  .54  .48  .39  .49  .40
  54 SNB2702g 1863 2016             .52  .42  .55  .65  .60  .64
  55 SNB2801  1860 2016             .27A .51  .48  .55  .60  .56
  56 SNB2802  1866 2016             .41  .34  .47  .58  .61  .64
  57 SNB2901  1877 2016                  .60  .69  .45  .56  .70
  58 SNB2902  1892 2016                  .62  .56  .43  .55  .56
  59 SNB3001  1867 2016             .59  .66  .60  .47  .57  .75
  60 SNB3002  1874 2016             .29B .29B .57  .50  .57  .69
 Av segment correlation   .40  .48  .46  .48  .51  .48  .57  .61
PART 6:  POTENTIAL PROBLEMS:                                                                       11:51  Thu 02 Mar 2017  Page   6
------------------------------------------------------------------------------------------------------------------------------------

 For each series with potential problems the following diagnostics may appear:

 [A] Correlations with master dating series of flagged  50-year segments of series filtered with  32-year spline,
     at every point from ten years earlier (-10) to ten years later (+10) than dated

 [B] Effect of those data values which most lower or raise correlation with master series
     Symbol following year indicates value in series is greater (>) or lesser (<) than master series value

 [C] Year-to-year changes very different from the mean change in other series

 [D] Absent rings (zero values)

 [E] Values which are statistical outliers from mean for the year
====================================================================================================================================

 SNB0101   1899 to  2016     118 years                                                                                    Series   1

 [B] Entire series, effect on correlation (  .648) is:
       Lower   1988< -.021   2008> -.018   1994> -.007   1965< -.007   1964> -.007   1985< -.006  Higher   1995  .062   1913  .014

====================================================================================================================================

 SNB0102   1902 to  2016     115 years                                                                                    Series   2

 [B] Entire series, effect on correlation (  .632) is:
       Lower   1905< -.026   1962< -.026   1983< -.022   1940> -.008   1949> -.007   1931> -.007  Higher   1995  .064   1913  .018

====================================================================================================================================

 SNB0201   1916 to  2016     101 years                                                                                    Series   3

 [A] Segment   High   -10   -9   -8   -7   -6   -5   -4   -3   -2   -1   +0   +1   +2   +3   +4   +5   +6   +7   +8   +9  +10
    ---------  ----   ---  ---  ---  ---  ---  ---  ---  ---  ---  ---  ---  ---  ---  ---  ---  ---  ---  ---  ---  ---  ---
    1925 1974    0    .05  .16  .10  .04 -.21 -.19  .01  .10 -.15 -.05  .32*-.21 -.11  .07  .13  .29 -.02 -.04 -.19 -.26 -.10

 [B] Entire series, effect on correlation (  .516) is:
       Lower   1960< -.052   1973< -.024   1932< -.019   1977> -.015   1933< -.012   1939> -.010  Higher   1995  .044   1994  .017
     1925 to 1974 segment:
       Lower   1960< -.110   1973< -.049   1932< -.036   1939> -.026   1933< -.023   1949> -.023  Higher   1944  .061   1955  .043

====================================================================================================================================

 SNB0202   1876 to  2016     141 years                                                                                    Series   4

 [B] Entire series, effect on correlation (  .619) is:
       Lower   2010< -.013   1932< -.012   1887< -.011   1925< -.010   1926> -.007   1903> -.007  Higher   1977  .031   1995  .019

====================================================================================================================================

 SNB0301   1862 to  2016     155 years                                                                                    Series   5

 [B] Entire series, effect on correlation (  .597) is:
       Lower   1923> -.022   1903> -.012   1918< -.008   1977> -.008   1926> -.007   1992< -.007  Higher   1995  .020   1944  .014

====================================================================================================================================

 SNB0302   1862 to  2016     155 years                                                                                    Series   6

 [B] Entire series, effect on correlation (  .563) is:
       Lower   1965< -.024   1901< -.010   1913> -.008   1900> -.007   1905> -.007   1996< -.006  Higher   1886  .016   1944  .012

====================================================================================================================================

 SNB0401   1870 to  2016     147 years                                                                                    Series   7

 [B] Entire series, effect on correlation (  .584) is:
       Lower   1971< -.011   1885< -.011   2008< -.010   1874> -.010   1919< -.009   1884< -.009  Higher   1995  .041   1977  .030

====================================================================================================================================

 SNB0402   1866 to  2016     151 years                                                                                    Series   8

 [B] Entire series, effect on correlation (  .617) is:
       Lower   1948< -.017   1874> -.011   1885< -.008   1979< -.008   1964> -.008   1931> -.008  Higher   1995  .065   2010  .015

====================================================================================================================================

 SNB0501   1864 to  2016     153 years                                                                                    Series   9

 [A] Segment   High   -10   -9   -8   -7   -6   -5   -4   -3   -2   -1   +0   +1   +2   +3   +4   +5   +6   +7   +8   +9  +10
    ---------  ----   ---  ---  ---  ---  ---  ---  ---  ---  ---  ---  ---  ---  ---  ---  ---  ---  ---  ---  ---  ---  ---
    1864 1913    8    .15  .17  .00 -.12 -.08  .15 -.12 -.04  .08 -.22  .16|-.01  .06 -.04  .04 -.10 -.03  .07  .22*-.12  .15

 [B] Entire series, effect on correlation (  .431) is:
       Lower   1864> -.014   1906< -.013   2013< -.012   1874> -.010   1977> -.010   1931> -.009  Higher   1995  .026   2010  .016
     1864 to 1913 segment:
       Lower   1906< -.044   1864> -.041   1874> -.026   1868< -.025   1885< -.020   1879> -.019  Higher   1904  .059   1886  .056

====================================================================================================================================

 SNB0502g  1867 to  2016     150 years                                                                                    Series  10

 [A] Segment   High   -10   -9   -8   -7   -6   -5   -4   -3   -2   -1   +0   +1   +2   +3   +4   +5   +6   +7   +8   +9  +10
    ---------  ----   ---  ---  ---  ---  ---  ---  ---  ---  ---  ---  ---  ---  ---  ---  ---  ---  ---  ---  ---  ---  ---
    1867 1916   10    .03 -.03  .08  .04 -.23  .21 -.16  .06  .15 -.11  .24|-.06  .09 -.20 -.10  .07 -.14  .01  .23  .00  .26*
    1875 1924    0   -.02 -.01 -.03 -.11 -.22  .15 -.15  .17  .16 -.04  .31*-.16 -.01 -.16 -.09 -.04 -.10  .06  .29 -.10  .21

 [B] Entire series, effect on correlation (  .437) is:
       Lower   1869< -.027   1905< -.016   2006> -.014   1885< -.013   1995> -.012   1972< -.010  Higher   1977  .022   1926  .015
     1867 to 1916 segment:
       Lower   1869< -.081   1885< -.037   1905< -.029   1903> -.020   1887< -.019   1874> -.019  Higher   1899  .057   1886  .050
     1875 to 1924 segment:
       Lower   1905< -.045   1885< -.042   1923> -.030   1887< -.023   1903> -.020   1921> -.018  Higher   1899  .051   1886  .050

====================================================================================================================================

 SNB0601   1860 to  2016     157 years                                                                                    Series  11

 [A] Segment   High   -10   -9   -8   -7   -6   -5   -4   -3   -2   -1   +0   +1   +2   +3   +4   +5   +6   +7   +8   +9  +10
    ---------  ----   ---  ---  ---  ---  ---  ---  ---  ---  ---  ---  ---  ---  ---  ---  ---  ---  ---  ---  ---  ---  ---
    1925 1974    0   -.22  .23 -.16  .27 -.09  .05 -.09 -.10 -.20 -.25  .31* .15  .08 -.06 -.04  .04  .01 -.01  .23 -.31  .09

 [B] Entire series, effect on correlation (  .524) is:
       Lower   1956< -.025   1971< -.020   1864> -.019   1935< -.017   1973< -.014   1871> -.014  Higher   1995  .022   1977  .018
     1925 to 1974 segment:
       Lower   1971< -.054   1973< -.041   1956< -.036   1935< -.034   1936> -.017   1940> -.014  Higher   1955  .040   1944  .035

====================================================================================================================================

 SNB0602   1873 to  2016     144 years                                                                                    Series  12

 [B] Entire series, effect on correlation (  .616) is:
       Lower   1921< -.025   1886> -.025   1948< -.011   1879> -.008   1889< -.008   1953> -.008  Higher   1995  .051   1913  .021

====================================================================================================================================

 SNB0701   1851 to  2016     166 years                                                                                    Series  13

 [A] Segment   High   -10   -9   -8   -7   -6   -5   -4   -3   -2   -1   +0   +1   +2   +3   +4   +5   +6   +7   +8   +9  +10
    ---------  ----   ---  ---  ---  ---  ---  ---  ---  ---  ---  ---  ---  ---  ---  ---  ---  ---  ---  ---  ---  ---  ---
    1925 1974    7   -.11 -.13  .13 -.02  .08  .16 -.08 -.01 -.13 -.04  .33|-.14  .07 -.27 -.08 -.05  .09  .42*-.18  .00  .02
    1950 1999    7   -.07 -.05 -.04 -.18  .12  .03  .11  .15  .00  .08  .23|-.01 -.08 -.26 -.23 -.10  .03  .26* .07  .14 -.11
    1967 2016   -3   -.05 -.03 -.02 -.07  .04 -.11  .09  .22* .07  .06  .21|   -    -    -    -    -    -    -    -    -    -

 [B] Entire series, effect on correlation (  .360) is:
       Lower   1970< -.054   2007> -.021   1980< -.016   1913> -.014   1901< -.013   1995> -.009  Higher   1923  .017   1899  .015
     1925 to 1974 segment:
       Lower   1970< -.181   1949> -.020   1927< -.019   1940> -.018   1929< -.016   1964> -.016  Higher   1944  .050   1933  .033
     1950 to 1999 segment:
       Lower   1970< -.121   1980< -.032   1995> -.016   1994> -.013   1985> -.012   1981> -.010  Higher   1990  .032   1999  .030
     1967 to 2016 segment:
       Lower   1970< -.109   2007> -.049   1980< -.027   1981> -.011   1985> -.011   1994> -.011  Higher   2010  .043   1999  .033

 [E] Outliers     1   3.0 SD above or -4.5 SD below mean for year
       2007 +3.4 SD
====================================================================================================================================

 SNB0702g  1861 to  2016     156 years                                                                                    Series  14

 [B] Entire series, effect on correlation (  .579) is:
       Lower   1918< -.013   1896> -.012   1874> -.009   2007> -.007   1964> -.007   1985> -.007  Higher   1995  .067   1977  .025

====================================================================================================================================

 SNB0801g  1851 to  2016     166 years                                                                                    Series  15

 [A] Segment   High   -10   -9   -8   -7   -6   -5   -4   -3   -2   -1   +0   +1   +2   +3   +4   +5   +6   +7   +8   +9  +10
    ---------  ----   ---  ---  ---  ---  ---  ---  ---  ---  ---  ---  ---  ---  ---  ---  ---  ---  ---  ---  ---  ---  ---
    1925 1974    0    .11  .04 -.23  .22 -.14  .09 -.22  .09  .15  .01  .28* .00 -.15 -.41  .04  .18  .03  .11 -.09  .10 -.11
    1950 1999    1    .00  .08 -.28  .23 -.02  .02 -.11  .18 -.01 -.06  .23| .25*-.23 -.17  .02  .07 -.08  .10 -.09  .08 -.12

 [B] Entire series, effect on correlation (  .392) is:
       Lower   1977> -.032   1920< -.014   1865< -.014   1964> -.013   1952< -.010   1871> -.010  Higher   1852  .023   1874  .014
     1925 to 1974 segment:
       Lower   1964> -.048   1961> -.029   1937> -.026   1959< -.022   1969< -.020   1940> -.017  Higher   1926  .033   1944  .033
     1950 to 1999 segment:
       Lower   1977> -.077   1964> -.031   1985> -.020   1991< -.020   1984< -.020   1959< -.019  Higher   1995  .032   1994  .031

 [E] Outliers     1   3.0 SD above or -4.5 SD below mean for year
       1952 -4.5 SD
====================================================================================================================================

 SNB0802g  1853 to  2016     164 years                                                                                    Series  16

 [A] Segment   High   -10   -9   -8   -7   -6   -5   -4   -3   -2   -1   +0   +1   +2   +3   +4   +5   +6   +7   +8   +9  +10
    ---------  ----   ---  ---  ---  ---  ---  ---  ---  ---  ---  ---  ---  ---  ---  ---  ---  ---  ---  ---  ---  ---  ---
    1853 1902    0   -.13 -.10 -.13 -.09 -.03 -.23 -.09  .17  .09 -.28  .31*-.07 -.04  .09 -.22  .07 -.04  .18 -.10  .20  .21
    - - - - - - - - - - - - - - - - - - - - - - - - - - - - - - - - - - - - - - - - - - - - - - - - - - - - - - - - - - - - -
    1925 1974    0   -.13  .02 -.03  .15  .03 -.09 -.03 -.09 -.03  .20  .23* .01  .03 -.14 -.06 -.01 -.06 -.17  .01  .08  .14

 [B] Entire series, effect on correlation (  .452) is:
       Lower   1877< -.016   1854< -.014   1865< -.011   1871> -.011   1882> -.010   1912> -.010  Higher   1995  .034   1913  .029
     1853 to 1902 segment:
       Lower   1877< -.046   1854< -.039   1871> -.038   1882> -.036   1865< -.029   1897> -.017  Higher   1864  .131   1874  .043
     1925 to 1974 segment:
       Lower   1925< -.040   1937> -.034   1959< -.031   1948< -.029   1941< -.024   1936> -.017  Higher   1933  .054   1955  .049

====================================================================================================================================

 SNB0901g  1836 to  2016     181 years                                                                                    Series  17

 [A] Segment   High   -10   -9   -8   -7   -6   -5   -4   -3   -2   -1   +0   +1   +2   +3   +4   +5   +6   +7   +8   +9  +10
    ---------  ----   ---  ---  ---  ---  ---  ---  ---  ---  ---  ---  ---  ---  ---  ---  ---  ---  ---  ---  ---  ---  ---
    1836 1885    0   -.01 -.12  .09  .12 -.07 -.15  .03 -.11 -.17 -.05  .29* .02 -.06  .12  .10 -.24  .22  .10 -.15 -.30 -.02
    1850 1899    0   -.08 -.12 -.03  .18 -.08 -.15  .12 -.16 -.15  .02  .32* .05 -.14  .00  .01 -.18  .04  .13 -.10 -.34  .04
    - - - - - - - - - - - - - - - - - - - - - - - - - - - - - - - - - - - - - - - - - - - - - - - - - - - - - - - - - - - - -
    1967 2016   -1    .05  .13 -.01  .02  .00  .08 -.28 -.18 -.02  .30* .29|   -    -    -    -    -    -    -    -    -    -

 [B] Entire series, effect on correlation (  .378) is:
       Lower   2000< -.038   1995> -.025   1856< -.012   1899< -.011   1841> -.011   1842< -.009  Higher   1864  .021   1977  .018
     1836 to 1885 segment:
       Lower   1856< -.046   1841> -.038   1852> -.035   1858< -.034   1842< -.032   1840> -.012  Higher   1864  .134   1882  .021
     1850 to 1899 segment:
       Lower   1856< -.050   1899< -.044   1858< -.036   1852> -.035   1890< -.018   1862> -.012  Higher   1864  .120   1882  .020
     1967 to 2016 segment:
       Lower   2000< -.119   1995> -.061   1996< -.025   1998> -.020   2001> -.014   2016> -.014  Higher   1977  .073   1994  .043

 [C] Year-to-year changes diverging by over 4.0 std deviations:
       1995 1996  -4.4 SD    1999 2000  -4.1 SD    2000 2001   4.0 SD

 [E] Outliers     1   3.0 SD above or -4.5 SD below mean for year
       1841 +3.5 SD
====================================================================================================================================

 SNB0902   1844 to  2016     173 years                                                                                    Series  18

 [B] Entire series, effect on correlation (  .527) is:
       Lower   1978< -.023   1865< -.017   1852> -.013   1948< -.011   1989< -.009   1857< -.008  Higher   1977  .030   1923  .013

====================================================================================================================================

 SNB1001   1868 to  2016     149 years                                                                                    Series  19

 [A] Segment   High   -10   -9   -8   -7   -6   -5   -4   -3   -2   -1   +0   +1   +2   +3   +4   +5   +6   +7   +8   +9  +10
    ---------  ----   ---  ---  ---  ---  ---  ---  ---  ---  ---  ---  ---  ---  ---  ---  ---  ---  ---  ---  ---  ---  ---
    1868 1917   -7   -.13 -.09 -.01  .44*-.16  .07  .15 -.30  .09 -.17  .37|-.13 -.15  .12 -.20  .02 -.20  .12  .17  .07  .10

 [B] Entire series, effect on correlation (  .436) is:
       Lower   1904< -.018   1955< -.011   2003< -.011   1961> -.010   1869< -.010   1977> -.009  Higher   1886  .029   1995  .026
     1868 to 1917 segment:
       Lower   1904< -.050   1869< -.027   1882> -.027   1897> -.026   1899< -.021   1870> -.020  Higher   1886  .133   1871  .032

====================================================================================================================================

 SNB1002   1870 to  2016     147 years                                                                                    Series  20

 [A] Segment   High   -10   -9   -8   -7   -6   -5   -4   -3   -2   -1   +0   +1   +2   +3   +4   +5   +6   +7   +8   +9  +10
    ---------  ----   ---  ---  ---  ---  ---  ---  ---  ---  ---  ---  ---  ---  ---  ---  ---  ---  ---  ---  ---  ---  ---
    1870 1919   -6   -.17 -.14 -.07 -.09  .29*-.15  .03 -.07  .02 -.23  .21|-.03 -.06  .20  .26 -.15  .03 -.06 -.01 -.08  .17
    1875 1924   -6   -.13 -.04 -.04 -.18  .31*-.20 -.06 -.02 -.01 -.19  .26| .03 -.01  .08  .30 -.18 -.01 -.05 -.04 -.04  .17

 [B] Entire series, effect on correlation (  .479) is:
       Lower   1892< -.018   1876< -.016   1899< -.012   1973< -.012   1874> -.011   2014> -.011  Higher   1995  .060   2010  .012
     1870 to 1919 segment:
       Lower   1892< -.044   1876< -.039   1899< -.031   1877< -.026   1874> -.026   1882> -.024  Higher   1913  .059   1886  .055
     1875 to 1924 segment:
       Lower   1892< -.042   1876< -.036   1882> -.030   1899< -.028   1877< -.023   1897> -.023  Higher   1908  .051   1913  .048

====================================================================================================================================

 SNB1101   1949 to  2016      68 years                                                                                    Series  21

 [B] Entire series, effect on correlation (  .625) is:
       Lower   1957< -.035   1949> -.016   2015> -.014   1971< -.013   1966> -.010   1975< -.009  Higher   1995  .030   1977  .015

====================================================================================================================================

 SNB1102   1893 to  2016     124 years                                                                                    Series  22

 [B] Entire series, effect on correlation (  .607) is:
       Lower   1995> -.024   1902< -.013   1974< -.011   1967> -.008   1941< -.008   2016> -.007  Higher   1913  .014   1955  .009

====================================================================================================================================

 SNB1201   1867 to  2016     150 years                                                                                    Series  23

 [A] Segment   High   -10   -9   -8   -7   -6   -5   -4   -3   -2   -1   +0   +1   +2   +3   +4   +5   +6   +7   +8   +9  +10
    ---------  ----   ---  ---  ---  ---  ---  ---  ---  ---  ---  ---  ---  ---  ---  ---  ---  ---  ---  ---  ---  ---  ---
    1900 1949    0   -.19 -.21  .01 -.07  .02  .14 -.07  .26  .03 -.07  .31*-.22 -.02 -.08 -.20 -.14 -.10  .17 -.05  .12  .27
    1925 1974    0   -.09 -.32  .04  .11 -.05  .25 -.09  .03 -.20  .00  .33*-.23  .10  .07 -.13 -.24  .05  .02 -.07  .24 -.04

 [B] Entire series, effect on correlation (  .411) is:
       Lower   1943< -.026   1977> -.019   1927< -.015   1976< -.013   1910> -.013   1886> -.011  Higher   1995  .029   1913  .015
     1900 to 1949 segment:
       Lower   1943< -.048   1927< -.040   1910> -.033   1949> -.023   1933< -.021   1923> -.018  Higher   1913  .054   1917  .019
     1925 to 1974 segment:
       Lower   1927< -.038   1943< -.028   1949> -.028   1952> -.027   1955< -.021   1933< -.020  Higher   1964  .033   1954  .017

 [C] Year-to-year changes diverging by over 4.0 std deviations:
       1976 1977   4.2 SD

 [E] Outliers     1   3.0 SD above or -4.5 SD below mean for year
       1910 +3.2 SD
====================================================================================================================================

 SNB1202   1834 to  2016     183 years                                                                                    Series  24

 [A] Segment   High   -10   -9   -8   -7   -6   -5   -4   -3   -2   -1   +0   +1   +2   +3   +4   +5   +6   +7   +8   +9  +10
    ---------  ----   ---  ---  ---  ---  ---  ---  ---  ---  ---  ---  ---  ---  ---  ---  ---  ---  ---  ---  ---  ---  ---
    1900 1949    0   -.14 -.10 -.03 -.18  .17 -.06 -.04  .15  .06 -.06  .33*-.22  .04  .00 -.31 -.01 -.33  .03  .10 -.05  .26

 [B] Entire series, effect on correlation (  .516) is:
       Lower   1901< -.023   1834> -.012   1992< -.010   1923> -.010   1926> -.008   1886> -.007  Higher   1995  .026   1977  .019
     1900 to 1949 segment:
       Lower   1901< -.071   1923> -.032   1926> -.025   1945> -.012   1931> -.011   1909> -.011  Higher   1917  .026   1920  .021

====================================================================================================================================

 SNB1301   1865 to  2016     152 years                                                                                    Series  25

 [B] Entire series, effect on correlation (  .570) is:
       Lower   1926> -.027   1867< -.011   1920< -.011   1923> -.009   1974< -.008   1943> -.008  Higher   1913  .017   1977  .015

 [E] Outliers     1   3.0 SD above or -4.5 SD below mean for year
       1926 +3.1 SD
====================================================================================================================================

 SNB1302   1874 to  2016     143 years                                                                                    Series  26

 [B] Entire series, effect on correlation (  .600) is:
       Lower   1921< -.013   1906< -.012   1949> -.010   1958> -.008   1926> -.008   1919> -.007  Higher   1913  .015   1955  .007

====================================================================================================================================

 SNB1401   1843 to  2016     174 years                                                                                    Series  27

 [B] Entire series, effect on correlation (  .534) is:
       Lower   1988< -.020   1874> -.012   1958> -.012   1926> -.010   1908< -.010   1923> -.009  Higher   1995  .066   1977  .032

====================================================================================================================================

 SNB1402   1848 to  2016     169 years                                                                                    Series  28

 [B] Entire series, effect on correlation (  .491) is:
       Lower   1969< -.032   1979< -.015   1990< -.014   1864> -.011   1994> -.010   2016> -.009  Higher   1995  .022   1913  .021

====================================================================================================================================

 SNB1501   1898 to  2016     119 years                                                                                    Series  29

 [A] Segment   High   -10   -9   -8   -7   -6   -5   -4   -3   -2   -1   +0   +1   +2   +3   +4   +5   +6   +7   +8   +9  +10
    ---------  ----   ---  ---  ---  ---  ---  ---  ---  ---  ---  ---  ---  ---  ---  ---  ---  ---  ---  ---  ---  ---  ---
    1900 1949    0    .13 -.19  .22 -.14 -.07 -.15 -.28  .18 -.09 -.27  .31*-.14  .24  .14  .00 -.05  .05 -.26  .11  .05 -.17
    1925 1974   -8    .05 -.13  .29*-.20 -.03 -.11 -.24  .08 -.15 -.24  .28|-.13  .25  .26 -.04  .05  .00 -.21  .03  .01 -.26

 [B] Entire series, effect on correlation (  .439) is:
       Lower   1934< -.127   1952> -.011   1957> -.011   1923> -.009   1996< -.008   1982< -.008  Higher   1977  .063   1995  .020
     1900 to 1949 segment:
       Lower   1934< -.307   1923> -.022   1919> -.009   1948< -.009   1943> -.007   1900> -.007  Higher   1944  .047   1913  .032
     1925 to 1974 segment:
       Lower   1934< -.272   1957> -.027   1952> -.027   1948< -.009   1954< -.009   1943> -.008  Higher   1944  .050   1955  .029

 [C] Year-to-year changes diverging by over 4.0 std deviations:
       1933 1934  -4.1 SD    1934 1935   4.6 SD

 [E] Outliers     1   3.0 SD above or -4.5 SD below mean for year
       1934 -7.7 SD
====================================================================================================================================

 SNB1502   1927 to  2016      90 years                                                                                    Series  30

 [B] Entire series, effect on correlation (  .511) is:
       Lower   1939< -.059   1966< -.023   2000< -.022   1985> -.016   1988< -.015   1936> -.014  Higher   1995  .054   1977  .035

====================================================================================================================================

 SNB1601   1846 to  2016     171 years                                                                                    Series  31

 [B] Entire series, effect on correlation (  .650) is:
       Lower   1879< -.025   1913> -.014   1863< -.010   1979< -.007   1858< -.007   1850> -.007  Higher   1977  .019   1899  .007

====================================================================================================================================

 SNB1602   1857 to  2016     160 years                                                                                    Series  32

 [A] Segment   High   -10   -9   -8   -7   -6   -5   -4   -3   -2   -1   +0   +1   +2   +3   +4   +5   +6   +7   +8   +9  +10
    ---------  ----   ---  ---  ---  ---  ---  ---  ---  ---  ---  ---  ---  ---  ---  ---  ---  ---  ---  ---  ---  ---  ---
    1857 1906   -9    .10  .26* .06  .17  .06  .13 -.19 -.15  .06 -.33  .25| .02  .05  .04 -.09 -.01  .07  .08  .10 -.06 -.15

 [B] Entire series, effect on correlation (  .411) is:
       Lower   1864> -.021   1859< -.021   1882> -.017   1974< -.017   2013< -.016   1858< -.014  Higher   1995  .018   1874  .011
     1857 to 1906 segment:
       Lower   1864> -.070   1859< -.059   1882> -.056   1858< -.044   1900> -.030   1873< -.029  Higher   1874  .051   1879  .038

====================================================================================================================================

 SNB1701   1856 to  2016     161 years                                                                                    Series  33

 [B] Entire series, effect on correlation (  .447) is:
       Lower   1876< -.012   1871> -.011   1916> -.011   1921> -.010   1864> -.009   2009< -.008  Higher   2010  .016   1874  .014

====================================================================================================================================

 SNB1702   1853 to  2016     164 years                                                                                    Series  34

 [A] Segment   High   -10   -9   -8   -7   -6   -5   -4   -3   -2   -1   +0   +1   +2   +3   +4   +5   +6   +7   +8   +9  +10
    ---------  ----   ---  ---  ---  ---  ---  ---  ---  ---  ---  ---  ---  ---  ---  ---  ---  ---  ---  ---  ---  ---  ---
    1853 1902  -10    .29*-.02 -.21 -.05 -.08 -.26  .12  .24 -.08 -.09  .28|-.01 -.03 -.08 -.07  .26  .02 -.01  .20  .02 -.17
    - - - - - - - - - - - - - - - - - - - - - - - - - - - - - - - - - - - - - - - - - - - - - - - - - - - - - - - - - - - - -
    1925 1974    0   -.01 -.30 -.10  .17 -.06  .04 -.07 -.08  .07 -.05  .29* .01  .08 -.31  .03  .12 -.15  .03  .01 -.02 -.23

 [B] Entire series, effect on correlation (  .402) is:
       Lower   1864> -.026   1973< -.021   1977> -.012   1917< -.010   1877< -.010   1962< -.010  Higher   1995  .040   1874  .014
     1853 to 1902 segment:
       Lower   1864> -.099   1886> -.034   1877< -.030   1856< -.018   1855< -.017   1873< -.016  Higher   1874  .154   1899  .032
     1925 to 1974 segment:
       Lower   1973< -.068   1958> -.034   1961> -.030   1962< -.027   1949> -.024   1969< -.022  Higher   1926  .045   1933  .028

====================================================================================================================================

 SNB1801   1827 to  2016     190 years                                                                                    Series  35

 [A] Segment   High   -10   -9   -8   -7   -6   -5   -4   -3   -2   -1   +0   +1   +2   +3   +4   +5   +6   +7   +8   +9  +10
    ---------  ----   ---  ---  ---  ---  ---  ---  ---  ---  ---  ---  ---  ---  ---  ---  ---  ---  ---  ---  ---  ---  ---
    1875 1924   -6    .10 -.06  .05 -.08  .41*-.16 -.30  .24 -.15  .00  .37|-.20  .13 -.06  .08 -.20 -.16  .04 -.13  .09  .29

 [B] Entire series, effect on correlation (  .493) is:
       Lower   1948< -.017   1903< -.016   1919< -.014   1899< -.008   1957> -.007   1980< -.007  Higher   1995  .049   1913  .018
     1875 to 1924 segment:
       Lower   1899< -.027   1923> -.025   1919< -.018   1897> -.018   1908< -.012   1895> -.012  Higher   1913  .074   1890  .014

====================================================================================================================================

 SNB1802   1843 to  2016     174 years                                                                                    Series  36

 [B] Entire series, effect on correlation (  .621) is:
       Lower   1958< -.019   1886> -.011   1864> -.010   1879> -.010   1899< -.008   1957> -.007  Higher   1995  .023   1977  .023

====================================================================================================================================

 SNB1901   1888 to  2016     129 years                                                                                    Series  37

 [B] Entire series, effect on correlation (  .407) is:
       Lower   1977> -.052   1991< -.019   1999> -.018   2004< -.016   1892< -.014   1946< -.012  Higher   1995  .098   2010  .023

 [E] Outliers     1   3.0 SD above or -4.5 SD below mean for year
       1977 +3.7 SD
====================================================================================================================================

 SNB1902   1901 to  2016     116 years                                                                                    Series  38

 [B] Entire series, effect on correlation (  .510) is:
       Lower   1991< -.063   1905< -.010   1975> -.010   1916> -.009   1951> -.006   2003< -.006  Higher   1913  .015   1995  .015

====================================================================================================================================

 SNB2001   1830 to  2016     187 years                                                                                    Series  39

 [B] Entire series, effect on correlation (  .514) is:
       Lower   1834> -.010   1832< -.009   1957> -.008   1877< -.007   1835> -.007   1919> -.007  Higher   1995  .023   1886  .015

====================================================================================================================================

 SNB2002g  1837 to  2016     180 years                                                                                    Series  40

 [B] Entire series, effect on correlation (  .477) is:
       Lower   1977> -.013   1873< -.012   1904< -.011   1987< -.009   1919> -.008   1950> -.008  Higher   1995  .016   1864  .016

====================================================================================================================================

 SNB2101   1863 to  2016     154 years                                                                                    Series  41

 [B] Entire series, effect on correlation (  .514) is:
       Lower   1974< -.021   1875< -.014   2002< -.012   1927< -.009   1923> -.009   1886> -.009  Higher   1995  .088   2010  .014

====================================================================================================================================

 SNB2102   1858 to  2016     159 years                                                                                    Series  42

 [A] Segment   High   -10   -9   -8   -7   -6   -5   -4   -3   -2   -1   +0   +1   +2   +3   +4   +5   +6   +7   +8   +9  +10
    ---------  ----   ---  ---  ---  ---  ---  ---  ---  ---  ---  ---  ---  ---  ---  ---  ---  ---  ---  ---  ---  ---  ---
    1858 1907    0   -.11  .03 -.03  .08 -.06  .08 -.10 -.03  .00  .13  .32*-.18 -.09  .05  .18 -.09  .12  .03 -.10 -.19 -.13

 [B] Entire series, effect on correlation (  .571) is:
       Lower   1858< -.028   1886> -.021   1874> -.014   1875< -.010   1987< -.009   2006> -.008  Higher   1977  .034   1995  .033
     1858 to 1907 segment:
       Lower   1858< -.102   1886> -.068   1874> -.047   1875< -.032   1900> -.028   1876< -.025  Higher   1871  .046   1897  .029

====================================================================================================================================

 SNB2201g  1819 to  2016     198 years                                                                                    Series  43

 [B] Entire series, effect on correlation (  .495) is:
       Lower   1886> -.017   1906< -.013   1825> -.012   1990< -.010   1998> -.009   1828> -.009  Higher   1995  .018   1913  .018

====================================================================================================================================

 SNB2202g  1822 to  2016     195 years                                                                                    Series  44

 [A] Segment   High   -10   -9   -8   -7   -6   -5   -4   -3   -2   -1   +0   +1   +2   +3   +4   +5   +6   +7   +8   +9  +10
    ---------  ----   ---  ---  ---  ---  ---  ---  ---  ---  ---  ---  ---  ---  ---  ---  ---  ---  ---  ---  ---  ---  ---
    1822 1871    0      -    -    -    -    -    -    -  .01 -.21  .02  .26* .11 -.17  .13 -.08 -.11 -.22  .02  .01 -.01 -.09
    - - - - - - - - - - - - - - - - - - - - - - - - - - - - - - - - - - - - - - - - - - - - - - - - - - - - - - - - - - - - -
    1875 1924    1   -.11  .17 -.04 -.12 -.06 -.28  .14  .07 -.14  .23  .25| .25*-.09  .05  .01 -.06  .01 -.12 -.11 -.08 -.07

 [B] Entire series, effect on correlation (  .429) is:
       Lower   1824> -.033   1922< -.026   1827< -.016   1886> -.014   1917< -.012   1871> -.009  Higher   1995  .021   1913  .018
     1822 to 1871 segment:
       Lower   1824> -.098   1827< -.059   1871> -.032   1856< -.030   1822> -.022   1859< -.016  Higher   1852  .064   1864  .043
     1875 to 1924 segment:
       Lower   1922< -.065   1886> -.057   1917< -.040   1923> -.031   1903> -.029   1883< -.029  Higher   1913  .099   1899  .044

====================================================================================================================================

 SNB2301g  1832 to  2016     185 years                                                                                    Series  45

 [B] Entire series, effect on correlation (  .574) is:
       Lower   1970< -.015   1871> -.008   1936> -.008   1852> -.008   1926> -.008   1844< -.008  Higher   1913  .018   1995  .013

====================================================================================================================================

 SNB2302   1819 to  2016     198 years                                                                                    Series  46

 [B] Entire series, effect on correlation (  .630) is:
       Lower   1936< -.019   1821> -.017   1854< -.009   1826< -.008   1878< -.007   1909< -.006  Higher   1995  .017   1977  .017

====================================================================================================================================

 SNB2401   1829 to  2016     188 years                                                                                    Series  47

 [B] Entire series, effect on correlation (  .612) is:
       Lower   1897< -.025   1849> -.013   1952> -.007   1864> -.007   1862< -.006   1915< -.006  Higher   1995  .014   1886  .010

====================================================================================================================================

 SNB2402   1831 to  2016     186 years                                                                                    Series  48

 [B] Entire series, effect on correlation (  .561) is:
       Lower   1913> -.018   1834< -.015   2014< -.013   1927< -.010   1992< -.010   1839< -.009  Higher   1995  .035   1977  .013

====================================================================================================================================

 SNB2501   1831 to  2016     186 years                                                                                    Series  49

 [B] Entire series, effect on correlation (  .578) is:
       Lower   1878< -.014   1833< -.011   1937> -.009   1917< -.009   1958> -.008   1841> -.008  Higher   1995  .015   2010  .011

====================================================================================================================================

 SNB2502   1839 to  2016     178 years                                                                                    Series  50

 [A] Segment   High   -10   -9   -8   -7   -6   -5   -4   -3   -2   -1   +0   +1   +2   +3   +4   +5   +6   +7   +8   +9  +10
    ---------  ----   ---  ---  ---  ---  ---  ---  ---  ---  ---  ---  ---  ---  ---  ---  ---  ---  ---  ---  ---  ---  ---
    1900 1949   -3   -.22 -.23 -.14  .02 -.09 -.02  .19  .29* .10 -.10  .15|-.02 -.29 -.02 -.07 -.31  .02 -.04  .03  .03  .27
    1925 1974   -3   -.12 -.17  .12 -.03 -.19  .01  .18  .21* .00 -.08  .04| .04 -.11 -.09  .16 -.13 -.01 -.21  .10 -.08 -.09

 [B] Entire series, effect on correlation (  .408) is:
       Lower   1941< -.039   1936> -.013   1939< -.011   1944< -.011   1952> -.011   1868< -.009  Higher   1995  .018   1977  .016
     1900 to 1949 segment:
       Lower   1941< -.108   1936> -.039   1923> -.023   1944< -.022   1927< -.016   1921> -.016  Higher   1913  .070   1908  .034
     1925 to 1974 segment:
       Lower   1941< -.102   1936> -.038   1952> -.032   1944< -.018   1957> -.017   1927< -.016  Higher   1964  .056   1960  .031

====================================================================================================================================

 SNB2601   1872 to  2016     145 years                                                                                    Series  51

 [A] Segment   High   -10   -9   -8   -7   -6   -5   -4   -3   -2   -1   +0   +1   +2   +3   +4   +5   +6   +7   +8   +9  +10
    ---------  ----   ---  ---  ---  ---  ---  ---  ---  ---  ---  ---  ---  ---  ---  ---  ---  ---  ---  ---  ---  ---  ---
    1872 1921   -3    .20 -.12  .04  .15 -.18  .02  .03  .29*-.14  .07  .28|-.26  .15 -.12 -.15 -.23 -.29  .03 -.05  .05 -.07
    1875 1924    0    .21 -.07  .03  .14 -.19  .06  .01  .20 -.05  .07  .29*-.21  .10 -.02 -.19 -.26 -.32 -.01 -.08  .06 -.15

 [B] Entire series, effect on correlation (  .489) is:
       Lower   1899< -.022   1913> -.018   1985< -.016   1964> -.011   1990< -.010   1994> -.010  Higher   1995  .026   1977  .016
     1872 to 1921 segment:
       Lower   1899< -.068   1913> -.055   1909> -.027   1901< -.025   1920< -.021   1885< -.013  Higher   1908  .060   1874  .060
     1875 to 1924 segment:
       Lower   1899< -.071   1913> -.056   1901< -.027   1909> -.026   1920< -.021   1884< -.014  Higher   1908  .063   1923  .061

====================================================================================================================================

 SNB2602   1867 to  2016     150 years                                                                                    Series  52

 [B] Entire series, effect on correlation (  .546) is:
       Lower   1899< -.013   1874> -.012   1936> -.011   1901< -.009   1872< -.008   1900> -.007  Higher   1995  .037   1977  .021

====================================================================================================================================

 SNB2701   1865 to  2016     152 years                                                                                    Series  53

 [B] Entire series, effect on correlation (  .422) is:
       Lower   1885< -.018   2015< -.015   1938> -.015   1977> -.013   1960< -.012   1998> -.010  Higher   1995  .025   1886  .022

 [E] Outliers     1   3.0 SD above or -4.5 SD below mean for year
       1938 +3.9 SD
====================================================================================================================================

 SNB2702g  1863 to  2016     154 years                                                                                    Series  54

 [B] Entire series, effect on correlation (  .565) is:
       Lower   1916< -.035   1913> -.017   1885< -.013   1954< -.012   2016< -.010   1897> -.009  Higher   1977  .027   1886  .012

====================================================================================================================================

 SNB2801   1860 to  2016     157 years                                                                                    Series  55

 [A] Segment   High   -10   -9   -8   -7   -6   -5   -4   -3   -2   -1   +0   +1   +2   +3   +4   +5   +6   +7   +8   +9  +10
    ---------  ----   ---  ---  ---  ---  ---  ---  ---  ---  ---  ---  ---  ---  ---  ---  ---  ---  ---  ---  ---  ---  ---
    1860 1909    0    .06  .00 -.16  .05  .17  .03 -.01 -.19 -.21 -.11  .27* .05  .20  .00  .02  .03  .06 -.27 -.02  .06 -.16

 [B] Entire series, effect on correlation (  .467) is:
       Lower   1864> -.028   2016< -.023   1874> -.019   1922< -.014   1926> -.012   1979< -.010  Higher   1886  .017   1977  .017
     1860 to 1909 segment:
       Lower   1864> -.099   1874> -.063   1866< -.035   1868< -.018   1891< -.017   1892< -.016  Higher   1886  .113   1899  .059

====================================================================================================================================

 SNB2802   1866 to  2016     151 years                                                                                    Series  56

 [B] Entire series, effect on correlation (  .550) is:
       Lower   1913> -.021   1995> -.015   2010< -.012   1920< -.010   1957> -.009   1897> -.009  Higher   1977  .035   1886  .012

====================================================================================================================================

 SNB2901   1877 to  2016     140 years                                                                                    Series  57

 [B] Entire series, effect on correlation (  .629) is:
       Lower   1970< -.028   1960< -.016   1926> -.011   1939< -.010   1962< -.009   1893> -.009  Higher   1995  .029   1913  .020

====================================================================================================================================

 SNB2902   1892 to  2016     125 years                                                                                    Series  58

 [B] Entire series, effect on correlation (  .514) is:
       Lower   1940< -.019   1963> -.016   1949> -.015   2013< -.013   1960< -.009   2009< -.008  Higher   1913  .025   1995  .015

 [E] Outliers     1   3.0 SD above or -4.5 SD below mean for year
       1963 +3.3 SD
====================================================================================================================================

 SNB3001   1867 to  2016     150 years                                                                                    Series  59

 [B] Entire series, effect on correlation (  .610) is:
       Lower   1872< -.019   1932< -.017   1962< -.015   1959< -.012   1933< -.009   1995> -.008  Higher   2010  .013   1944  .010

====================================================================================================================================

 SNB3002   1874 to  2016     143 years                                                                                    Series  60

 [A] Segment   High   -10   -9   -8   -7   -6   -5   -4   -3   -2   -1   +0   +1   +2   +3   +4   +5   +6   +7   +8   +9  +10
    ---------  ----   ---  ---  ---  ---  ---  ---  ---  ---  ---  ---  ---  ---  ---  ---  ---  ---  ---  ---  ---  ---  ---
    1874 1923    3   -.16  .33  .02 -.15 -.20 -.02  .03  .03  .12  .01  .29|-.16  .00  .43*-.24 -.01 -.25 -.01  .04 -.28  .09
    1875 1924    3   -.18  .31  .04 -.20 -.20  .01 -.03  .03  .12  .10  .29|-.20  .07  .39*-.21 -.06 -.27  .03 -.01 -.32  .09

 [B] Entire series, effect on correlation (  .477) is:
       Lower   1883< -.091   1959< -.011   1888< -.011   1996< -.009   1903> -.008   1936> -.007  Higher   1977  .024   1944  .016
     1874 to 1923 segment:
       Lower   1883< -.224   1888< -.026   1903> -.019   1897> -.011   1889< -.009   1896> -.009  Higher   1904  .054   1899  .052
     1875 to 1924 segment:
       Lower   1883< -.197   1888< -.024   1903> -.021   1897> -.012   1896> -.009   1882> -.009  Higher   1904  .054   1899  .052

 [C] Year-to-year changes diverging by over 4.0 std deviations:
       1882 1883  -4.9 SD

 [E] Outliers     1   3.0 SD above or -4.5 SD below mean for year
       1883 -5.4 SD
====================================================================================================================================
PART 7:  DESCRIPTIVE STATISTICS:                                                                   11:51  Thu 02 Mar 2017  Page   7
------------------------------------------------------------------------------------------------------------------------------------

                                                Corr   //-------- Unfiltered --------\\  //---- Filtered -----\\
                           No.    No.    No.    with   Mean   Max     Std   Auto   Mean   Max     Std   Auto  AR
 Seq Series   Interval   Years  Segmt  Flags   Master  msmt   msmt    dev   corr   sens  value    dev   corr  ()
 --- -------- ---------  -----  -----  -----   ------ -----  -----  -----  -----  -----  -----  -----  -----  --
   1 SNB0101  1899 2016    118      5      0    .648   2.09   8.15  1.497   .945   .157   2.59   .437   .012   1
   2 SNB0102  1902 2016    115      4      0    .632   1.81   7.62  1.133   .882   .192   2.68   .455  -.012   1
   3 SNB0201  1916 2016    101      4      1    .516   1.48   3.11   .514   .712   .188   2.61   .472   .115   1
   4 SNB0202  1876 2016    141      5      0    .619   1.43   4.29   .532   .641   .218   2.65   .367   .057   1
   5 SNB0301  1862 2016    155      6      0    .597   1.01   3.63   .550   .850   .206   2.73   .364   .005   1
   6 SNB0302  1862 2016    155      6      0    .563   1.13   3.23   .516   .790   .211   2.62   .394  -.020   1
   7 SNB0401  1870 2016    147      6      0    .584    .96   4.38   .729   .925   .179   2.80   .456   .001   1
   8 SNB0402  1866 2016    151      6      0    .617   1.33   6.20   .993   .883   .209   2.72   .345   .023   1
   9 SNB0501  1864 2016    153      6      1    .431   1.05   3.90   .689   .815   .238   2.60   .420   .030   2
  10 SNB0502g 1867 2016    150      6      2    .437    .93   5.07   .640   .675   .237   2.71   .512  -.027   1
  11 SNB0601  1860 2016    157      6      1    .524   1.94   7.30  1.384   .935   .182   2.73   .479  -.028   2
  12 SNB0602  1873 2016    144      6      0    .616   1.76   6.55   .946   .889   .165   2.90   .464   .058   1
  13 SNB0701  1851 2016    166      6      3    .360   1.25   5.50  1.097   .918   .236   2.70   .380  -.033   1
  14 SNB0702g 1861 2016    156      6      0    .579   1.01   4.48   .935   .916   .225   2.69   .365  -.041   1
  15 SNB0801g 1851 2016    166      6      2    .392   1.15   4.71   .952   .916   .232   2.61   .352   .013   1
  16 SNB0802g 1853 2016    164      6      2    .452   1.33   7.13  1.447   .940   .230   2.88   .445   .000   1
  17 SNB0901g 1836 2016    181      7      3    .378   1.10   7.18  1.007   .899   .185   2.76   .442  -.040   1
  18 SNB0902  1844 2016    173      7      0    .527   1.40   6.15  1.127   .945   .171   2.58   .403   .057   1
  19 SNB1001  1868 2016    149      6      1    .436   1.35   3.96   .600   .756   .233   2.65   .386  -.041   1
  20 SNB1002  1870 2016    147      6      2    .479   1.22   2.90   .513   .682   .244   2.94   .505   .020   1
  21 SNB1101  1949 2016     68      3      0    .625   3.49   5.88   .907   .524   .190   2.54   .424  -.016   2
  22 SNB1102  1893 2016    124      5      0    .607   2.98   6.91  1.287   .794   .237   2.64   .349  -.025   2
  23 SNB1201  1867 2016    150      6      2    .411   1.13   3.29   .450   .626   .248   2.64   .357   .036   1
  24 SNB1202  1834 2016    183      7      1    .516   1.46   4.56   .775   .769   .272   2.70   .455  -.004   1
  25 SNB1301  1865 2016    152      6      0    .570   1.78   5.44  1.134   .842   .271   2.86   .533  -.030   1
  26 SNB1302  1874 2016    143      6      0    .600   1.73   5.27   .934   .791   .283   2.56   .417  -.028   1
  27 SNB1401  1843 2016    174      7      0    .534   1.75   5.53  1.057   .911   .175   2.57   .365  -.012   1
  28 SNB1402  1848 2016    169      7      0    .491   1.53   5.51  1.155   .941   .193   2.62   .446   .014   2
  29 SNB1501  1898 2016    119      5      2    .439   1.52   5.63   .868   .886   .197   2.39   .296  -.031   1
  30 SNB1502  1927 2016     90      3      0    .511    .99   2.65   .419   .854   .170   2.50   .411  -.014   1
  31 SNB1601  1846 2016    171      7      0    .650   1.40   6.70  1.059   .898   .223   2.62   .388   .015   2
  32 SNB1602  1857 2016    160      6      1    .411   1.89   5.37  1.160   .844   .259   2.81   .537   .054   1
  33 SNB1701  1856 2016    161      6      0    .447   1.14   5.46   .886   .922   .192   2.73   .409   .014   1
  34 SNB1702  1853 2016    164      6      2    .402   1.16   5.14   .914   .911   .193   2.58   .353   .024   1
  35 SNB1801  1827 2016    190      7      1    .493   1.44   4.95  1.046   .929   .176   2.52   .324  -.010   1
  36 SNB1802  1843 2016    174      7      0    .621   1.61   5.17  1.193   .921   .191   2.62   .447  -.039   1
  37 SNB1901  1888 2016    129      5      0    .407    .99   2.90   .520   .863   .195   2.73   .429   .038   1
  38 SNB1902  1901 2016    116      4      0    .510   2.45  12.46  2.213   .863   .266   2.87   .552  -.058   1
  39 SNB2001  1830 2016    187      7      0    .514   1.28   4.16   .649   .853   .197   2.65   .357   .050   1
  40 SNB2002g 1837 2016    180      7      0    .477   1.27   3.88   .737   .890   .179   2.53   .355  -.001   1
  41 SNB2101  1863 2016    154      6      0    .514    .83   5.52   .731   .860   .219   2.53   .317   .013   1
  42 SNB2102  1858 2016    159      6      1    .571   1.35   4.38   .937   .893   .207   2.48   .352   .010   1
  43 SNB2201g 1819 2016    198      8      0    .495   1.11   3.52   .802   .928   .181   2.92   .462   .012   1
  44 SNB2202g 1822 2016    195      8      2    .429    .83   1.93   .333   .766   .183   2.66   .427   .010   1
  45 SNB2301g 1832 2016    185      7      0    .574   1.70   6.15  1.363   .955   .211   2.71   .442   .009   1
  46 SNB2302  1819 2016    198      8      0    .630   1.57   4.85   .881   .888   .185   2.67   .379   .039   1
  47 SNB2401  1829 2016    188      7      0    .612   1.23   4.39   .512   .826   .169   2.53   .340  -.026   1
  48 SNB2402  1831 2016    186      7      0    .561   1.13   2.86   .494   .857   .177   2.68   .450  -.026   1
PART 7:  DESCRIPTIVE STATISTICS:                                                                   11:51  Thu 02 Mar 2017  Page   8
------------------------------------------------------------------------------------------------------------------------------------

                                                Corr   //-------- Unfiltered --------\\  //---- Filtered -----\\
                           No.    No.    No.    with   Mean   Max     Std   Auto   Mean   Max     Std   Auto  AR
 Seq Series   Interval   Years  Segmt  Flags   Master  msmt   msmt    dev   corr   sens  value    dev   corr  ()
 --- -------- ---------  -----  -----  -----   ------ -----  -----  -----  -----  -----  -----  -----  -----  --
  49 SNB2501  1831 2016    186      7      0    .578   1.07   2.86   .508   .853   .181   2.77   .478  -.011   1
  50 SNB2502  1839 2016    178      7      2    .408   1.17   3.24   .459   .790   .183   2.64   .473  -.011   1
  51 SNB2601  1872 2016    145      6      2    .489    .96   3.63   .592   .803   .228   2.80   .377  -.034   4
  52 SNB2602  1867 2016    150      6      0    .546   1.00   2.71   .459   .759   .223   2.84   .439  -.019   1
  53 SNB2701  1865 2016    152      6      0    .422   1.06   4.10   .666   .913   .181   2.80   .383   .026   1
  54 SNB2702g 1863 2016    154      6      0    .565    .90   2.56   .440   .761   .198   2.53   .387  -.015   1
  55 SNB2801  1860 2016    157      6      1    .467   1.19   3.41   .644   .842   .197   2.61   .362   .047   1
  56 SNB2802  1866 2016    151      6      0    .550    .83   2.16   .389   .791   .240   2.74   .476  -.008   1
  57 SNB2901  1877 2016    140      5      0    .629   1.22   4.35   .631   .819   .196   2.84   .560  -.001   1
  58 SNB2902  1892 2016    125      5      0    .514   1.28   3.36   .586   .844   .200   2.80   .457  -.035   1
  59 SNB3001  1867 2016    150      6      0    .610   1.12   4.35   .603   .743   .230   2.79   .420  -.005   1
  60 SNB3002  1874 2016    143      6      2    .477   1.28   3.54   .628   .816   .230   2.68   .353   .036   1
 --- -------- ---------  -----  -----  -----   ------ -----  -----  -----  -----  -----  -----  -----  -----  --
 Total or mean:           9287    362     37    .519   1.34  12.46   .827   .847   .207   2.94   .415   .002

                                              - = [  COFECHA CANA COF  ] = -
